{"D:\\Code\\Web apps\\PeakSelf\\server\\middleware\\auth.js": {"path":"D:\\Code\\Web apps\\PeakSelf\\server\\middleware\\auth.js","statementMap":{"0":{"start":{"line":10,"column":2},"end":{"line":21,"column":3}},"1":{"start":{"line":11,"column":18},"end":{"line":14,"column":27}},"2":{"start":{"line":15,"column":4},"end":{"line":15,"column":28}},"3":{"start":{"line":15,"column":16},"end":{"line":15,"column":28}},"4":{"start":{"line":17,"column":19},"end":{"line":17,"column":71}},"5":{"start":{"line":18,"column":4},"end":{"line":18,"column":37}},"6":{"start":{"line":20,"column":4},"end":{"line":20,"column":16}},"7":{"start":{"line":31,"column":18},"end":{"line":31,"column":32}},"8":{"start":{"line":32,"column":2},"end":{"line":39,"column":3}},"9":{"start":{"line":33,"column":4},"end":{"line":38,"column":6}},"10":{"start":{"line":40,"column":2},"end":{"line":47,"column":3}},"11":{"start":{"line":41,"column":4},"end":{"line":46,"column":6}},"12":{"start":{"line":48,"column":2},"end":{"line":48,"column":14}},"13":{"start":{"line":56,"column":15},"end":{"line":56,"column":34}},"14":{"start":{"line":57,"column":2},"end":{"line":59,"column":3}},"15":{"start":{"line":58,"column":4},"end":{"line":58,"column":59}},"16":{"start":{"line":60,"column":2},"end":{"line":60,"column":25}},"17":{"start":{"line":61,"column":2},"end":{"line":61,"column":9}},"18":{"start":{"line":71,"column":18},"end":{"line":71,"column":32}},"19":{"start":{"line":72,"column":21},"end":{"line":72,"column":42}},"20":{"start":{"line":74,"column":2},"end":{"line":76,"column":3}},"21":{"start":{"line":75,"column":4},"end":{"line":75,"column":59}},"22":{"start":{"line":79,"column":20},"end":{"line":79,"column":24}},"23":{"start":{"line":80,"column":2},"end":{"line":94,"column":3}},"24":{"start":{"line":81,"column":4},"end":{"line":86,"column":6}},"25":{"start":{"line":87,"column":9},"end":{"line":94,"column":3}},"26":{"start":{"line":88,"column":4},"end":{"line":93,"column":6}},"27":{"start":{"line":97,"column":13},"end":{"line":97,"column":38}},"28":{"start":{"line":98,"column":14},"end":{"line":98,"column":40}},"29":{"start":{"line":101,"column":2},"end":{"line":114,"column":3}},"30":{"start":{"line":102,"column":4},"end":{"line":113,"column":5}},"31":{"start":{"line":103,"column":23},"end":{"line":106,"column":7}},"32":{"start":{"line":107,"column":6},"end":{"line":110,"column":7}},"33":{"start":{"line":108,"column":8},"end":{"line":108,"column":28}},"34":{"start":{"line":109,"column":8},"end":{"line":109,"column":39}},"35":{"start":{"line":116,"column":2},"end":{"line":118,"column":3}},"36":{"start":{"line":117,"column":4},"end":{"line":117,"column":56}},"37":{"start":{"line":120,"column":2},"end":{"line":125,"column":4}},"38":{"start":{"line":126,"column":2},"end":{"line":126,"column":9}}},"fnMap":{"0":{"name":"verifyJwt","decl":{"start":{"line":9,"column":16},"end":{"line":9,"column":25}},"loc":{"start":{"line":9,"column":31},"end":{"line":22,"column":1}},"line":9},"1":{"name":"getCurrentUser","decl":{"start":{"line":30,"column":16},"end":{"line":30,"column":30}},"loc":{"start":{"line":30,"column":36},"end":{"line":49,"column":1}},"line":30},"2":{"name":"requireAuth","decl":{"start":{"line":55,"column":22},"end":{"line":55,"column":33}},"loc":{"start":{"line":55,"column":50},"end":{"line":62,"column":1}},"line":55},"3":{"name":"requireAdmin","decl":{"start":{"line":69,"column":22},"end":{"line":69,"column":34}},"loc":{"start":{"line":69,"column":51},"end":{"line":127,"column":1}},"line":69}},"branchMap":{"0":{"loc":{"start":{"line":11,"column":18},"end":{"line":14,"column":27}},"type":"binary-expr","locations":[{"start":{"line":11,"column":18},"end":{"line":11,"column":43}},{"start":{"line":12,"column":19},"end":{"line":14,"column":26}}],"line":11},"1":{"loc":{"start":{"line":12,"column":19},"end":{"line":14,"column":26}},"type":"cond-expr","locations":[{"start":{"line":13,"column":22},"end":{"line":13,"column":56}},{"start":{"line":14,"column":22},"end":{"line":14,"column":26}}],"line":12},"2":{"loc":{"start":{"line":15,"column":4},"end":{"line":15,"column":28}},"type":"if","locations":[{"start":{"line":15,"column":4},"end":{"line":15,"column":28}},{"start":{},"end":{}}],"line":15},"3":{"loc":{"start":{"line":17,"column":19},"end":{"line":17,"column":71}},"type":"binary-expr","locations":[{"start":{"line":17,"column":19},"end":{"line":17,"column":41}},{"start":{"line":17,"column":45},"end":{"line":17,"column":71}}],"line":17},"4":{"loc":{"start":{"line":32,"column":2},"end":{"line":39,"column":3}},"type":"if","locations":[{"start":{"line":32,"column":2},"end":{"line":39,"column":3}},{"start":{},"end":{}}],"line":32},"5":{"loc":{"start":{"line":40,"column":2},"end":{"line":47,"column":3}},"type":"if","locations":[{"start":{"line":40,"column":2},"end":{"line":47,"column":3}},{"start":{},"end":{}}],"line":40},"6":{"loc":{"start":{"line":57,"column":2},"end":{"line":59,"column":3}},"type":"if","locations":[{"start":{"line":57,"column":2},"end":{"line":59,"column":3}},{"start":{},"end":{}}],"line":57},"7":{"loc":{"start":{"line":74,"column":2},"end":{"line":76,"column":3}},"type":"if","locations":[{"start":{"line":74,"column":2},"end":{"line":76,"column":3}},{"start":{},"end":{}}],"line":74},"8":{"loc":{"start":{"line":74,"column":6},"end":{"line":74,"column":34}},"type":"binary-expr","locations":[{"start":{"line":74,"column":6},"end":{"line":74,"column":19}},{"start":{"line":74,"column":23},"end":{"line":74,"column":34}}],"line":74},"9":{"loc":{"start":{"line":80,"column":2},"end":{"line":94,"column":3}},"type":"if","locations":[{"start":{"line":80,"column":2},"end":{"line":94,"column":3}},{"start":{"line":87,"column":9},"end":{"line":94,"column":3}}],"line":80},"10":{"loc":{"start":{"line":87,"column":9},"end":{"line":94,"column":3}},"type":"if","locations":[{"start":{"line":87,"column":9},"end":{"line":94,"column":3}},{"start":{},"end":{}}],"line":87},"11":{"loc":{"start":{"line":97,"column":13},"end":{"line":97,"column":38}},"type":"binary-expr","locations":[{"start":{"line":97,"column":13},"end":{"line":97,"column":30}},{"start":{"line":97,"column":34},"end":{"line":97,"column":38}}],"line":97},"12":{"loc":{"start":{"line":98,"column":14},"end":{"line":98,"column":40}},"type":"binary-expr","locations":[{"start":{"line":98,"column":14},"end":{"line":98,"column":32}},{"start":{"line":98,"column":36},"end":{"line":98,"column":40}}],"line":98},"13":{"loc":{"start":{"line":101,"column":2},"end":{"line":114,"column":3}},"type":"if","locations":[{"start":{"line":101,"column":2},"end":{"line":114,"column":3}},{"start":{},"end":{}}],"line":101},"14":{"loc":{"start":{"line":107,"column":6},"end":{"line":110,"column":7}},"type":"if","locations":[{"start":{"line":107,"column":6},"end":{"line":110,"column":7}},{"start":{},"end":{}}],"line":107},"15":{"loc":{"start":{"line":109,"column":16},"end":{"line":109,"column":38}},"type":"binary-expr","locations":[{"start":{"line":109,"column":16},"end":{"line":109,"column":29}},{"start":{"line":109,"column":33},"end":{"line":109,"column":38}}],"line":109},"16":{"loc":{"start":{"line":116,"column":2},"end":{"line":118,"column":3}},"type":"if","locations":[{"start":{"line":116,"column":2},"end":{"line":118,"column":3}},{"start":{},"end":{}}],"line":116}},"s":{"0":30,"1":30,"2":30,"3":13,"4":17,"5":17,"6":4,"7":10,"8":10,"9":5,"10":5,"11":2,"12":3,"13":5,"14":5,"15":2,"16":3,"17":3,"18":8,"19":8,"20":8,"21":1,"22":7,"23":7,"24":2,"25":5,"26":5,"27":7,"28":7,"29":7,"30":5,"31":5,"32":3,"33":3,"34":3,"35":7,"36":2,"37":5,"38":5},"f":{"0":30,"1":10,"2":5,"3":8},"b":{"0":[30,14],"1":[1,13],"2":[13,17],"3":[17,0],"4":[5,5],"5":[2,3],"6":[2,3],"7":[1,7],"8":[8,3],"9":[2,5],"10":[5,0],"11":[7,0],"12":[7,0],"13":[5,2],"14":[3,0],"15":[3,0],"16":[2,5]},"inputSourceMap":null,"_coverageSchema":"1a1c01bbd47fc00a2c39e90264f33305004495a9","hash":"c95c60cca574576177b6abafffc372f12371b323"}
,"D:\\Code\\Web apps\\PeakSelf\\server\\middleware\\csrf.js": {"path":"D:\\Code\\Web apps\\PeakSelf\\server\\middleware\\csrf.js","statementMap":{"0":{"start":{"line":4,"column":19},"end":{"line":16,"column":2}},"1":{"start":{"line":5,"column":19},"end":{"line":5,"column":83}},"2":{"start":{"line":15,"column":32},"end":{"line":15,"column":59}},"3":{"start":{"line":19,"column":30},"end":{"line":19,"column":61}},"4":{"start":{"line":22,"column":33},"end":{"line":22,"column":61}},"5":{"start":{"line":25,"column":33},"end":{"line":25,"column":59}}},"fnMap":{"0":{"name":"(anonymous_0)","decl":{"start":{"line":5,"column":13},"end":{"line":5,"column":14}},"loc":{"start":{"line":5,"column":19},"end":{"line":5,"column":83}},"line":5},"1":{"name":"(anonymous_1)","decl":{"start":{"line":15,"column":23},"end":{"line":15,"column":24}},"loc":{"start":{"line":15,"column":32},"end":{"line":15,"column":59}},"line":15}},"branchMap":{"0":{"loc":{"start":{"line":5,"column":19},"end":{"line":5,"column":83}},"type":"binary-expr","locations":[{"start":{"line":5,"column":19},"end":{"line":5,"column":42}},{"start":{"line":5,"column":46},"end":{"line":5,"column":83}}],"line":5}},"s":{"0":1,"1":4,"2":0,"3":1,"4":1,"5":1},"f":{"0":4,"1":0},"b":{"0":[4,0]},"inputSourceMap":null,"_coverageSchema":"1a1c01bbd47fc00a2c39e90264f33305004495a9","hash":"b6a11b695249fafe0250324a33d1b760ebbfccff"}
,"D:\\Code\\Web apps\\PeakSelf\\server\\middleware\\errorHandler.js": {"path":"D:\\Code\\Web apps\\PeakSelf\\server\\middleware\\errorHandler.js","statementMap":{"0":{"start":{"line":6,"column":4},"end":{"line":6,"column":19}},"1":{"start":{"line":7,"column":4},"end":{"line":7,"column":34}},"2":{"start":{"line":8,"column":4},"end":{"line":8,"column":26}},"3":{"start":{"line":9,"column":4},"end":{"line":9,"column":27}},"4":{"start":{"line":15,"column":4},"end":{"line":15,"column":19}},"5":{"start":{"line":16,"column":4},"end":{"line":16,"column":38}},"6":{"start":{"line":17,"column":4},"end":{"line":17,"column":26}},"7":{"start":{"line":23,"column":4},"end":{"line":23,"column":19}},"8":{"start":{"line":24,"column":4},"end":{"line":24,"column":37}},"9":{"start":{"line":25,"column":4},"end":{"line":25,"column":26}},"10":{"start":{"line":31,"column":4},"end":{"line":31,"column":19}},"11":{"start":{"line":32,"column":4},"end":{"line":32,"column":32}},"12":{"start":{"line":33,"column":4},"end":{"line":33,"column":26}},"13":{"start":{"line":34,"column":4},"end":{"line":34,"column":39}},"14":{"start":{"line":40,"column":4},"end":{"line":40,"column":19}},"15":{"start":{"line":41,"column":4},"end":{"line":41,"column":32}},"16":{"start":{"line":42,"column":4},"end":{"line":42,"column":26}},"17":{"start":{"line":48,"column":4},"end":{"line":48,"column":19}},"18":{"start":{"line":49,"column":4},"end":{"line":49,"column":32}},"19":{"start":{"line":50,"column":4},"end":{"line":50,"column":26}},"20":{"start":{"line":57,"column":21},"end":{"line":57,"column":42}},"21":{"start":{"line":60,"column":18},"end":{"line":66,"column":3}},"22":{"start":{"line":68,"column":2},"end":{"line":78,"column":3}},"23":{"start":{"line":69,"column":4},"end":{"line":69,"column":43}},"24":{"start":{"line":70,"column":4},"end":{"line":72,"column":5}},"25":{"start":{"line":71,"column":6},"end":{"line":71,"column":57}},"26":{"start":{"line":73,"column":4},"end":{"line":75,"column":5}},"27":{"start":{"line":74,"column":6},"end":{"line":74,"column":46}},"28":{"start":{"line":76,"column":9},"end":{"line":78,"column":3}},"29":{"start":{"line":77,"column":4},"end":{"line":77,"column":42}},"30":{"start":{"line":81,"column":19},"end":{"line":83,"column":3}},"31":{"start":{"line":86,"column":2},"end":{"line":94,"column":3}},"32":{"start":{"line":87,"column":4},"end":{"line":87,"column":29}},"33":{"start":{"line":88,"column":4},"end":{"line":90,"column":5}},"34":{"start":{"line":89,"column":6},"end":{"line":89,"column":37}},"35":{"start":{"line":91,"column":4},"end":{"line":93,"column":5}},"36":{"start":{"line":92,"column":6},"end":{"line":92,"column":33}},"37":{"start":{"line":97,"column":2},"end":{"line":97,"column":40}},"38":{"start":{"line":102,"column":2},"end":{"line":104,"column":4}},"39":{"start":{"line":103,"column":4},"end":{"line":103,"column":52}},"40":{"start":{"line":109,"column":16},"end":{"line":109,"column":78}},"41":{"start":{"line":110,"column":2},"end":{"line":110,"column":14}}},"fnMap":{"0":{"name":"(anonymous_0)","decl":{"start":{"line":5,"column":2},"end":{"line":5,"column":3}},"loc":{"start":{"line":5,"column":39},"end":{"line":10,"column":3}},"line":5},"1":{"name":"(anonymous_1)","decl":{"start":{"line":14,"column":2},"end":{"line":14,"column":3}},"loc":{"start":{"line":14,"column":49},"end":{"line":18,"column":3}},"line":14},"2":{"name":"(anonymous_2)","decl":{"start":{"line":22,"column":2},"end":{"line":22,"column":3}},"loc":{"start":{"line":22,"column":41},"end":{"line":26,"column":3}},"line":22},"3":{"name":"(anonymous_3)","decl":{"start":{"line":30,"column":2},"end":{"line":30,"column":3}},"loc":{"start":{"line":30,"column":75},"end":{"line":35,"column":3}},"line":30},"4":{"name":"(anonymous_4)","decl":{"start":{"line":39,"column":2},"end":{"line":39,"column":3}},"loc":{"start":{"line":39,"column":46},"end":{"line":43,"column":3}},"line":39},"5":{"name":"(anonymous_5)","decl":{"start":{"line":47,"column":2},"end":{"line":47,"column":3}},"loc":{"start":{"line":47,"column":45},"end":{"line":51,"column":3}},"line":47},"6":{"name":"errorHandler","decl":{"start":{"line":55,"column":16},"end":{"line":55,"column":28}},"loc":{"start":{"line":55,"column":50},"end":{"line":98,"column":1}},"line":55},"7":{"name":"asyncHandler","decl":{"start":{"line":101,"column":16},"end":{"line":101,"column":28}},"loc":{"start":{"line":101,"column":33},"end":{"line":105,"column":1}},"line":101},"8":{"name":"(anonymous_8)","decl":{"start":{"line":102,"column":9},"end":{"line":102,"column":10}},"loc":{"start":{"line":102,"column":29},"end":{"line":104,"column":3}},"line":102},"9":{"name":"notFoundHandler","decl":{"start":{"line":108,"column":16},"end":{"line":108,"column":31}},"loc":{"start":{"line":108,"column":48},"end":{"line":111,"column":1}},"line":108}},"branchMap":{"0":{"loc":{"start":{"line":5,"column":23},"end":{"line":5,"column":37}},"type":"default-arg","locations":[{"start":{"line":5,"column":33},"end":{"line":5,"column":37}}],"line":5},"1":{"loc":{"start":{"line":14,"column":14},"end":{"line":14,"column":47}},"type":"default-arg","locations":[{"start":{"line":14,"column":24},"end":{"line":14,"column":47}}],"line":14},"2":{"loc":{"start":{"line":22,"column":14},"end":{"line":22,"column":39}},"type":"default-arg","locations":[{"start":{"line":22,"column":24},"end":{"line":22,"column":39}}],"line":22},"3":{"loc":{"start":{"line":30,"column":14},"end":{"line":30,"column":51}},"type":"default-arg","locations":[{"start":{"line":30,"column":24},"end":{"line":30,"column":51}}],"line":30},"4":{"loc":{"start":{"line":30,"column":53},"end":{"line":30,"column":73}},"type":"default-arg","locations":[{"start":{"line":30,"column":69},"end":{"line":30,"column":73}}],"line":30},"5":{"loc":{"start":{"line":39,"column":14},"end":{"line":39,"column":44}},"type":"default-arg","locations":[{"start":{"line":39,"column":24},"end":{"line":39,"column":44}}],"line":39},"6":{"loc":{"start":{"line":47,"column":14},"end":{"line":47,"column":43}},"type":"default-arg","locations":[{"start":{"line":47,"column":24},"end":{"line":47,"column":43}}],"line":47},"7":{"loc":{"start":{"line":57,"column":21},"end":{"line":57,"column":42}},"type":"binary-expr","locations":[{"start":{"line":57,"column":21},"end":{"line":57,"column":35}},{"start":{"line":57,"column":39},"end":{"line":57,"column":42}}],"line":57},"8":{"loc":{"start":{"line":61,"column":11},"end":{"line":61,"column":30}},"type":"binary-expr","locations":[{"start":{"line":61,"column":11},"end":{"line":61,"column":19}},{"start":{"line":61,"column":23},"end":{"line":61,"column":30}}],"line":61},"9":{"loc":{"start":{"line":68,"column":2},"end":{"line":78,"column":3}},"type":"if","locations":[{"start":{"line":68,"column":2},"end":{"line":78,"column":3}},{"start":{"line":76,"column":9},"end":{"line":78,"column":3}}],"line":68},"10":{"loc":{"start":{"line":70,"column":4},"end":{"line":72,"column":5}},"type":"if","locations":[{"start":{"line":70,"column":4},"end":{"line":72,"column":5}},{"start":{},"end":{}}],"line":70},"11":{"loc":{"start":{"line":73,"column":4},"end":{"line":75,"column":5}},"type":"if","locations":[{"start":{"line":73,"column":4},"end":{"line":75,"column":5}},{"start":{},"end":{}}],"line":73},"12":{"loc":{"start":{"line":73,"column":8},"end":{"line":73,"column":58}},"type":"binary-expr","locations":[{"start":{"line":73,"column":8},"end":{"line":73,"column":17}},{"start":{"line":73,"column":21},"end":{"line":73,"column":58}}],"line":73},"13":{"loc":{"start":{"line":76,"column":9},"end":{"line":78,"column":3}},"type":"if","locations":[{"start":{"line":76,"column":9},"end":{"line":78,"column":3}},{"start":{},"end":{}}],"line":76},"14":{"loc":{"start":{"line":82,"column":11},"end":{"line":82,"column":45}},"type":"binary-expr","locations":[{"start":{"line":82,"column":11},"end":{"line":82,"column":22}},{"start":{"line":82,"column":26},"end":{"line":82,"column":45}}],"line":82},"15":{"loc":{"start":{"line":86,"column":2},"end":{"line":94,"column":3}},"type":"if","locations":[{"start":{"line":86,"column":2},"end":{"line":94,"column":3}},{"start":{},"end":{}}],"line":86},"16":{"loc":{"start":{"line":88,"column":4},"end":{"line":90,"column":5}},"type":"if","locations":[{"start":{"line":88,"column":4},"end":{"line":90,"column":5}},{"start":{},"end":{}}],"line":88},"17":{"loc":{"start":{"line":91,"column":4},"end":{"line":93,"column":5}},"type":"if","locations":[{"start":{"line":91,"column":4},"end":{"line":93,"column":5}},{"start":{},"end":{}}],"line":91}},"s":{"0":1,"1":1,"2":1,"3":1,"4":1,"5":1,"6":1,"7":1,"8":1,"9":1,"10":1,"11":1,"12":1,"13":1,"14":2,"15":2,"16":2,"17":1,"18":1,"19":1,"20":7,"21":7,"22":7,"23":2,"24":2,"25":0,"26":2,"27":2,"28":5,"29":5,"30":7,"31":7,"32":7,"33":7,"34":0,"35":7,"36":7,"37":7,"38":1,"39":1,"40":1,"41":1},"f":{"0":1,"1":1,"2":1,"3":1,"4":2,"5":1,"6":7,"7":1,"8":1,"9":1},"b":{"0":[1],"1":[1],"2":[1],"3":[0],"4":[1],"5":[0],"6":[0],"7":[7,1],"8":[7,0],"9":[2,5],"10":[0,2],"11":[2,0],"12":[2,2],"13":[5,0],"14":[7,0],"15":[7,0],"16":[0,7],"17":[7,0]},"inputSourceMap":null,"_coverageSchema":"1a1c01bbd47fc00a2c39e90264f33305004495a9","hash":"6842cda0cac59be6fb94379984a9f6d8f2f5f2ce"}
,"D:\\Code\\Web apps\\PeakSelf\\server\\middleware\\rateLimiter.js": {"path":"D:\\Code\\Web apps\\PeakSelf\\server\\middleware\\rateLimiter.js","statementMap":{"0":{"start":{"line":14,"column":25},"end":{"line":22,"column":1}},"1":{"start":{"line":15,"column":2},"end":{"line":21,"column":5}},"2":{"start":{"line":28,"column":30},"end":{"line":34,"column":1}},"3":{"start":{"line":29,"column":20},"end":{"line":29,"column":69}},"4":{"start":{"line":30,"column":20},"end":{"line":32,"column":8}},"5":{"start":{"line":33,"column":2},"end":{"line":33,"column":64}},"6":{"start":{"line":42,"column":35},"end":{"line":51,"column":2}},"7":{"start":{"line":50,"column":17},"end":{"line":50,"column":57}},"8":{"start":{"line":59,"column":32},"end":{"line":67,"column":2}},"9":{"start":{"line":66,"column":17},"end":{"line":66,"column":57}},"10":{"start":{"line":74,"column":34},"end":{"line":82,"column":2}},"11":{"start":{"line":81,"column":17},"end":{"line":81,"column":57}},"12":{"start":{"line":90,"column":32},"end":{"line":98,"column":2}},"13":{"start":{"line":97,"column":17},"end":{"line":97,"column":57}},"14":{"start":{"line":106,"column":26},"end":{"line":114,"column":2}},"15":{"start":{"line":113,"column":17},"end":{"line":113,"column":57}},"16":{"start":{"line":122,"column":28},"end":{"line":130,"column":2}},"17":{"start":{"line":129,"column":17},"end":{"line":129,"column":57}},"18":{"start":{"line":138,"column":31},"end":{"line":146,"column":2}},"19":{"start":{"line":145,"column":17},"end":{"line":145,"column":57}},"20":{"start":{"line":154,"column":29},"end":{"line":162,"column":2}},"21":{"start":{"line":161,"column":17},"end":{"line":161,"column":57}},"22":{"start":{"line":165,"column":0},"end":{"line":165,"column":43}},"23":{"start":{"line":166,"column":0},"end":{"line":166,"column":76}},"24":{"start":{"line":167,"column":0},"end":{"line":179,"column":1}},"25":{"start":{"line":168,"column":2},"end":{"line":168,"column":72}},"26":{"start":{"line":169,"column":2},"end":{"line":169,"column":60}},"27":{"start":{"line":170,"column":2},"end":{"line":170,"column":63}},"28":{"start":{"line":171,"column":2},"end":{"line":171,"column":66}},"29":{"start":{"line":172,"column":2},"end":{"line":172,"column":64}},"30":{"start":{"line":173,"column":2},"end":{"line":173,"column":68}},"31":{"start":{"line":174,"column":2},"end":{"line":174,"column":61}},"32":{"start":{"line":175,"column":2},"end":{"line":175,"column":65}},"33":{"start":{"line":177,"column":2},"end":{"line":177,"column":47}},"34":{"start":{"line":178,"column":2},"end":{"line":178,"column":74}}},"fnMap":{"0":{"name":"(anonymous_0)","decl":{"start":{"line":14,"column":25},"end":{"line":14,"column":26}},"loc":{"start":{"line":14,"column":39},"end":{"line":22,"column":1}},"line":14},"1":{"name":"(anonymous_1)","decl":{"start":{"line":28,"column":30},"end":{"line":28,"column":31}},"loc":{"start":{"line":28,"column":44},"end":{"line":34,"column":1}},"line":28},"2":{"name":"(anonymous_2)","decl":{"start":{"line":50,"column":8},"end":{"line":50,"column":9}},"loc":{"start":{"line":50,"column":17},"end":{"line":50,"column":57}},"line":50},"3":{"name":"(anonymous_3)","decl":{"start":{"line":66,"column":8},"end":{"line":66,"column":9}},"loc":{"start":{"line":66,"column":17},"end":{"line":66,"column":57}},"line":66},"4":{"name":"(anonymous_4)","decl":{"start":{"line":81,"column":8},"end":{"line":81,"column":9}},"loc":{"start":{"line":81,"column":17},"end":{"line":81,"column":57}},"line":81},"5":{"name":"(anonymous_5)","decl":{"start":{"line":97,"column":8},"end":{"line":97,"column":9}},"loc":{"start":{"line":97,"column":17},"end":{"line":97,"column":57}},"line":97},"6":{"name":"(anonymous_6)","decl":{"start":{"line":113,"column":8},"end":{"line":113,"column":9}},"loc":{"start":{"line":113,"column":17},"end":{"line":113,"column":57}},"line":113},"7":{"name":"(anonymous_7)","decl":{"start":{"line":129,"column":8},"end":{"line":129,"column":9}},"loc":{"start":{"line":129,"column":17},"end":{"line":129,"column":57}},"line":129},"8":{"name":"(anonymous_8)","decl":{"start":{"line":145,"column":8},"end":{"line":145,"column":9}},"loc":{"start":{"line":145,"column":17},"end":{"line":145,"column":57}},"line":145},"9":{"name":"(anonymous_9)","decl":{"start":{"line":161,"column":8},"end":{"line":161,"column":9}},"loc":{"start":{"line":161,"column":17},"end":{"line":161,"column":57}},"line":161}},"branchMap":{"0":{"loc":{"start":{"line":18,"column":16},"end":{"line":20,"column":26}},"type":"cond-expr","locations":[{"start":{"line":19,"column":8},"end":{"line":19,"column":55}},{"start":{"line":20,"column":8},"end":{"line":20,"column":26}}],"line":18},"1":{"loc":{"start":{"line":29,"column":20},"end":{"line":29,"column":69}},"type":"binary-expr","locations":[{"start":{"line":29,"column":20},"end":{"line":29,"column":42}},{"start":{"line":29,"column":46},"end":{"line":29,"column":69}}],"line":29},"2":{"loc":{"start":{"line":30,"column":20},"end":{"line":32,"column":8}},"type":"cond-expr","locations":[{"start":{"line":31,"column":6},"end":{"line":31,"column":63}},{"start":{"line":32,"column":6},"end":{"line":32,"column":8}}],"line":30},"3":{"loc":{"start":{"line":167,"column":0},"end":{"line":179,"column":1}},"type":"if","locations":[{"start":{"line":167,"column":0},"end":{"line":179,"column":1}},{"start":{"line":176,"column":7},"end":{"line":179,"column":1}}],"line":167}},"s":{"0":1,"1":0,"2":1,"3":0,"4":0,"5":0,"6":1,"7":1,"8":1,"9":0,"10":1,"11":0,"12":1,"13":10,"14":1,"15":0,"16":1,"17":0,"18":1,"19":0,"20":1,"21":0,"22":1,"23":1,"24":1,"25":0,"26":0,"27":0,"28":0,"29":0,"30":0,"31":0,"32":0,"33":1,"34":1},"f":{"0":0,"1":0,"2":1,"3":0,"4":0,"5":10,"6":0,"7":0,"8":0,"9":0},"b":{"0":[0,0],"1":[0,0],"2":[0,0],"3":[0,1]},"inputSourceMap":null,"_coverageSchema":"1a1c01bbd47fc00a2c39e90264f33305004495a9","hash":"58f4b696d43d5d1760c667d4c4825569c154f244"}
,"D:\\Code\\Web apps\\PeakSelf\\server\\routes\\auth.js": {"path":"D:\\Code\\Web apps\\PeakSelf\\server\\routes\\auth.js","statementMap":{"0":{"start":{"line":19,"column":15},"end":{"line":19,"column":31}},"1":{"start":{"line":23,"column":2},"end":{"line":34,"column":3}},"2":{"start":{"line":24,"column":4},"end":{"line":31,"column":7}},"3":{"start":{"line":33,"column":4},"end":{"line":33,"column":137}},"4":{"start":{"line":38,"column":0},"end":{"line":58,"column":1}},"5":{"start":{"line":39,"column":2},"end":{"line":43,"column":19}},"6":{"start":{"line":40,"column":4},"end":{"line":42,"column":5}},"7":{"start":{"line":41,"column":6},"end":{"line":41,"column":21}},"8":{"start":{"line":46,"column":2},"end":{"line":57,"column":29}},"9":{"start":{"line":47,"column":4},"end":{"line":56,"column":5}},"10":{"start":{"line":48,"column":6},"end":{"line":55,"column":7}},"11":{"start":{"line":49,"column":23},"end":{"line":51,"column":9}},"12":{"start":{"line":54,"column":8},"end":{"line":54,"column":83}},"13":{"start":{"line":61,"column":20},"end":{"line":69,"column":2}},"14":{"start":{"line":74,"column":15},"end":{"line":74,"column":89}},"15":{"start":{"line":75,"column":14},"end":{"line":75,"column":80}},"16":{"start":{"line":78,"column":2},"end":{"line":85,"column":3}},"17":{"start":{"line":79,"column":4},"end":{"line":79,"column":39}},"18":{"start":{"line":80,"column":4},"end":{"line":80,"column":58}},"19":{"start":{"line":81,"column":4},"end":{"line":81,"column":38}},"20":{"start":{"line":82,"column":4},"end":{"line":82,"column":36}},"21":{"start":{"line":83,"column":4},"end":{"line":83,"column":39}},"22":{"start":{"line":84,"column":4},"end":{"line":84,"column":11}},"23":{"start":{"line":88,"column":2},"end":{"line":105,"column":3}},"24":{"start":{"line":89,"column":4},"end":{"line":94,"column":7}},"25":{"start":{"line":98,"column":4},"end":{"line":104,"column":5}},"26":{"start":{"line":99,"column":6},"end":{"line":99,"column":41}},"27":{"start":{"line":100,"column":6},"end":{"line":100,"column":54}},"28":{"start":{"line":101,"column":6},"end":{"line":101,"column":40}},"29":{"start":{"line":102,"column":6},"end":{"line":102,"column":38}},"30":{"start":{"line":103,"column":6},"end":{"line":103,"column":41}},"31":{"start":{"line":109,"column":0},"end":{"line":111,"column":3}},"32":{"start":{"line":110,"column":2},"end":{"line":110,"column":30}},"33":{"start":{"line":113,"column":0},"end":{"line":121,"column":3}},"34":{"start":{"line":114,"column":2},"end":{"line":120,"column":3}},"35":{"start":{"line":115,"column":21},"end":{"line":115,"column":136}},"36":{"start":{"line":116,"column":4},"end":{"line":116,"column":43}},"37":{"start":{"line":116,"column":18},"end":{"line":116,"column":43}},"38":{"start":{"line":117,"column":4},"end":{"line":117,"column":24}},"39":{"start":{"line":119,"column":4},"end":{"line":119,"column":14}},"40":{"start":{"line":125,"column":2},"end":{"line":125,"column":83}},"41":{"start":{"line":129,"column":0},"end":{"line":190,"column":1}},"42":{"start":{"line":130,"column":2},"end":{"line":186,"column":6}},"43":{"start":{"line":135,"column":4},"end":{"line":185,"column":5}},"44":{"start":{"line":136,"column":20},"end":{"line":136,"column":61}},"45":{"start":{"line":137,"column":23},"end":{"line":137,"column":33}},"46":{"start":{"line":138,"column":26},"end":{"line":138,"column":53}},"47":{"start":{"line":139,"column":24},"end":{"line":139,"column":58}},"48":{"start":{"line":140,"column":6},"end":{"line":140,"column":43}},"49":{"start":{"line":140,"column":18},"end":{"line":140,"column":43}},"50":{"start":{"line":143,"column":21},"end":{"line":143,"column":93}},"51":{"start":{"line":144,"column":6},"end":{"line":151,"column":7}},"52":{"start":{"line":146,"column":24},"end":{"line":149,"column":9}},"53":{"start":{"line":150,"column":8},"end":{"line":150,"column":43}},"54":{"start":{"line":154,"column":21},"end":{"line":154,"column":86}},"55":{"start":{"line":155,"column":23},"end":{"line":155,"column":37}},"56":{"start":{"line":156,"column":6},"end":{"line":174,"column":7}},"57":{"start":{"line":158,"column":8},"end":{"line":164,"column":9}},"58":{"start":{"line":159,"column":26},"end":{"line":162,"column":11}},"59":{"start":{"line":163,"column":10},"end":{"line":163,"column":45}},"60":{"start":{"line":166,"column":8},"end":{"line":172,"column":9}},"61":{"start":{"line":167,"column":26},"end":{"line":170,"column":11}},"62":{"start":{"line":171,"column":10},"end":{"line":171,"column":45}},"63":{"start":{"line":173,"column":8},"end":{"line":173,"column":36}},"64":{"start":{"line":177,"column":21},"end":{"line":180,"column":7}},"65":{"start":{"line":181,"column":19},"end":{"line":181,"column":33}},"66":{"start":{"line":182,"column":6},"end":{"line":182,"column":30}},"67":{"start":{"line":184,"column":6},"end":{"line":184,"column":21}},"68":{"start":{"line":194,"column":2},"end":{"line":194,"column":35}},"69":{"start":{"line":194,"column":13},"end":{"line":194,"column":35}},"70":{"start":{"line":195,"column":2},"end":{"line":195,"column":80}},"71":{"start":{"line":195,"column":33},"end":{"line":195,"column":80}},"72":{"start":{"line":196,"column":2},"end":{"line":196,"column":74}},"73":{"start":{"line":196,"column":22},"end":{"line":196,"column":74}},"74":{"start":{"line":197,"column":2},"end":{"line":197,"column":14}},"75":{"start":{"line":201,"column":17},"end":{"line":201,"column":61}},"76":{"start":{"line":202,"column":18},"end":{"line":202,"column":70}},"77":{"start":{"line":203,"column":16},"end":{"line":203,"column":92}},"78":{"start":{"line":204,"column":2},"end":{"line":204,"column":15}},"79":{"start":{"line":208,"column":19},"end":{"line":208,"column":130}},"80":{"start":{"line":209,"column":2},"end":{"line":209,"column":25}},"81":{"start":{"line":213,"column":2},"end":{"line":218,"column":5}},"82":{"start":{"line":222,"column":29},"end":{"line":222,"column":44}},"83":{"start":{"line":225,"column":0},"end":{"line":279,"column":3}},"84":{"start":{"line":227,"column":2},"end":{"line":227,"column":81}},"85":{"start":{"line":227,"column":74},"end":{"line":227,"column":81}},"86":{"start":{"line":229,"column":2},"end":{"line":278,"column":3}},"87":{"start":{"line":230,"column":38},"end":{"line":230,"column":52}},"88":{"start":{"line":231,"column":4},"end":{"line":231,"column":103}},"89":{"start":{"line":231,"column":29},"end":{"line":231,"column":103}},"90":{"start":{"line":232,"column":18},"end":{"line":232,"column":45}},"91":{"start":{"line":233,"column":21},"end":{"line":233,"column":81}},"92":{"start":{"line":236,"column":21},"end":{"line":236,"column":86}},"93":{"start":{"line":237,"column":21},"end":{"line":237,"column":28}},"94":{"start":{"line":239,"column":4},"end":{"line":248,"column":5}},"95":{"start":{"line":241,"column":6},"end":{"line":243,"column":7}},"96":{"start":{"line":242,"column":8},"end":{"line":242,"column":115}},"97":{"start":{"line":251,"column":25},"end":{"line":251,"column":113}},"98":{"start":{"line":252,"column":4},"end":{"line":255,"column":5}},"99":{"start":{"line":254,"column":6},"end":{"line":254,"column":93}},"100":{"start":{"line":258,"column":17},"end":{"line":258,"column":48}},"101":{"start":{"line":259,"column":18},"end":{"line":259,"column":26}},"102":{"start":{"line":260,"column":20},"end":{"line":260,"column":75}},"103":{"start":{"line":262,"column":4},"end":{"line":265,"column":6}},"104":{"start":{"line":268,"column":4},"end":{"line":268,"column":46}},"105":{"start":{"line":271,"column":4},"end":{"line":274,"column":7}},"106":{"start":{"line":276,"column":16},"end":{"line":276,"column":115}},"107":{"start":{"line":277,"column":4},"end":{"line":277,"column":41}},"108":{"start":{"line":282,"column":0},"end":{"line":313,"column":3}},"109":{"start":{"line":283,"column":2},"end":{"line":312,"column":3}},"110":{"start":{"line":284,"column":32},"end":{"line":284,"column":40}},"111":{"start":{"line":285,"column":4},"end":{"line":285,"column":103}},"112":{"start":{"line":285,"column":29},"end":{"line":285,"column":103}},"113":{"start":{"line":286,"column":18},"end":{"line":286,"column":45}},"114":{"start":{"line":289,"column":25},"end":{"line":292,"column":5}},"115":{"start":{"line":293,"column":4},"end":{"line":295,"column":5}},"116":{"start":{"line":294,"column":6},"end":{"line":294,"column":124}},"117":{"start":{"line":297,"column":21},"end":{"line":297,"column":86}},"118":{"start":{"line":298,"column":17},"end":{"line":298,"column":24}},"119":{"start":{"line":299,"column":24},"end":{"line":299,"column":48}},"120":{"start":{"line":300,"column":4},"end":{"line":300,"column":73}},"121":{"start":{"line":300,"column":21},"end":{"line":300,"column":73}},"122":{"start":{"line":301,"column":15},"end":{"line":301,"column":65}},"123":{"start":{"line":302,"column":4},"end":{"line":302,"column":75}},"124":{"start":{"line":302,"column":13},"end":{"line":302,"column":75}},"125":{"start":{"line":303,"column":18},"end":{"line":303,"column":31}},"126":{"start":{"line":304,"column":4},"end":{"line":304,"column":29}},"127":{"start":{"line":305,"column":4},"end":{"line":308,"column":7}},"128":{"start":{"line":306,"column":6},"end":{"line":306,"column":70}},"129":{"start":{"line":306,"column":15},"end":{"line":306,"column":70}},"130":{"start":{"line":307,"column":6},"end":{"line":307,"column":227}},"131":{"start":{"line":307,"column":36},"end":{"line":307,"column":225}},"132":{"start":{"line":310,"column":16},"end":{"line":310,"column":101}},"133":{"start":{"line":311,"column":4},"end":{"line":311,"column":41}},"134":{"start":{"line":316,"column":0},"end":{"line":322,"column":3}},"135":{"start":{"line":317,"column":2},"end":{"line":319,"column":3}},"136":{"start":{"line":318,"column":4},"end":{"line":318,"column":74}},"137":{"start":{"line":321,"column":2},"end":{"line":321,"column":90}},"138":{"start":{"line":325,"column":0},"end":{"line":350,"column":3}},"139":{"start":{"line":326,"column":2},"end":{"line":326,"column":96}},"140":{"start":{"line":326,"column":26},"end":{"line":326,"column":96}},"141":{"start":{"line":328,"column":2},"end":{"line":330,"column":21}},"142":{"start":{"line":332,"column":2},"end":{"line":349,"column":3}},"143":{"start":{"line":333,"column":4},"end":{"line":345,"column":5}},"144":{"start":{"line":334,"column":19},"end":{"line":334,"column":49}},"145":{"start":{"line":335,"column":6},"end":{"line":337,"column":7}},"146":{"start":{"line":336,"column":8},"end":{"line":336,"column":111}},"147":{"start":{"line":338,"column":20},"end":{"line":338,"column":33}},"148":{"start":{"line":339,"column":6},"end":{"line":339,"column":31}},"149":{"start":{"line":341,"column":6},"end":{"line":343,"column":9}},"150":{"start":{"line":342,"column":8},"end":{"line":342,"column":79}},"151":{"start":{"line":344,"column":6},"end":{"line":344,"column":13}},"152":{"start":{"line":346,"column":4},"end":{"line":346,"column":105}},"153":{"start":{"line":348,"column":4},"end":{"line":348,"column":105}},"154":{"start":{"line":352,"column":0},"end":{"line":354,"column":3}},"155":{"start":{"line":353,"column":2},"end":{"line":353,"column":66}},"156":{"start":{"line":357,"column":0},"end":{"line":446,"column":3}},"157":{"start":{"line":358,"column":2},"end":{"line":445,"column":3}},"158":{"start":{"line":359,"column":18},"end":{"line":359,"column":47}},"159":{"start":{"line":360,"column":4},"end":{"line":360,"column":72}},"160":{"start":{"line":360,"column":16},"end":{"line":360,"column":72}},"161":{"start":{"line":363,"column":26},"end":{"line":366,"column":5}},"162":{"start":{"line":368,"column":4},"end":{"line":410,"column":5}},"163":{"start":{"line":369,"column":22},"end":{"line":369,"column":43}},"164":{"start":{"line":372,"column":27},"end":{"line":372,"column":121}},"165":{"start":{"line":373,"column":23},"end":{"line":373,"column":43}},"166":{"start":{"line":377,"column":6},"end":{"line":398,"column":7}},"167":{"start":{"line":379,"column":8},"end":{"line":390,"column":9}},"168":{"start":{"line":381,"column":26},"end":{"line":384,"column":11}},"169":{"start":{"line":385,"column":10},"end":{"line":385,"column":33}},"170":{"start":{"line":388,"column":10},"end":{"line":388,"column":92}},"171":{"start":{"line":389,"column":10},"end":{"line":389,"column":95}},"172":{"start":{"line":393,"column":24},"end":{"line":396,"column":9}},"173":{"start":{"line":397,"column":8},"end":{"line":397,"column":31}},"174":{"start":{"line":401,"column":6},"end":{"line":401,"column":88}},"175":{"start":{"line":404,"column":20},"end":{"line":404,"column":33}},"176":{"start":{"line":405,"column":6},"end":{"line":405,"column":31}},"177":{"start":{"line":408,"column":24},"end":{"line":408,"column":73}},"178":{"start":{"line":409,"column":6},"end":{"line":409,"column":56}},"179":{"start":{"line":413,"column":21},"end":{"line":416,"column":5}},"180":{"start":{"line":417,"column":16},"end":{"line":417,"column":23}},"181":{"start":{"line":419,"column":4},"end":{"line":421,"column":5}},"182":{"start":{"line":420,"column":6},"end":{"line":420,"column":73}},"183":{"start":{"line":424,"column":4},"end":{"line":424,"column":112}},"184":{"start":{"line":425,"column":4},"end":{"line":425,"column":105}},"185":{"start":{"line":428,"column":23},"end":{"line":431,"column":5}},"186":{"start":{"line":432,"column":17},"end":{"line":432,"column":35}},"187":{"start":{"line":434,"column":4},"end":{"line":438,"column":5}},"188":{"start":{"line":436,"column":20},"end":{"line":436,"column":33}},"189":{"start":{"line":437,"column":6},"end":{"line":437,"column":31}},"190":{"start":{"line":440,"column":22},"end":{"line":440,"column":71}},"191":{"start":{"line":441,"column":4},"end":{"line":441,"column":54}},"192":{"start":{"line":443,"column":16},"end":{"line":443,"column":115}},"193":{"start":{"line":444,"column":4},"end":{"line":444,"column":41}},"194":{"start":{"line":449,"column":0},"end":{"line":473,"column":3}},"195":{"start":{"line":450,"column":2},"end":{"line":455,"column":5}},"196":{"start":{"line":457,"column":2},"end":{"line":472,"column":5}},"197":{"start":{"line":458,"column":4},"end":{"line":460,"column":5}},"198":{"start":{"line":459,"column":6},"end":{"line":459,"column":62}},"199":{"start":{"line":462,"column":4},"end":{"line":464,"column":5}},"200":{"start":{"line":463,"column":6},"end":{"line":463,"column":62}},"201":{"start":{"line":466,"column":4},"end":{"line":471,"column":7}},"202":{"start":{"line":467,"column":6},"end":{"line":469,"column":7}},"203":{"start":{"line":468,"column":8},"end":{"line":468,"column":64}},"204":{"start":{"line":470,"column":6},"end":{"line":470,"column":55}},"205":{"start":{"line":477,"column":0},"end":{"line":489,"column":3}},"206":{"start":{"line":478,"column":2},"end":{"line":488,"column":3}},"207":{"start":{"line":479,"column":20},"end":{"line":479,"column":45}},"208":{"start":{"line":480,"column":4},"end":{"line":483,"column":5}},"209":{"start":{"line":481,"column":19},"end":{"line":481,"column":49}},"210":{"start":{"line":482,"column":6},"end":{"line":482,"column":32}},"211":{"start":{"line":484,"column":4},"end":{"line":484,"column":54}},"212":{"start":{"line":484,"column":18},"end":{"line":484,"column":54}},"213":{"start":{"line":485,"column":4},"end":{"line":485,"column":48}},"214":{"start":{"line":487,"column":4},"end":{"line":487,"column":48}},"215":{"start":{"line":492,"column":0},"end":{"line":500,"column":1}},"216":{"start":{"line":493,"column":2},"end":{"line":499,"column":5}},"217":{"start":{"line":494,"column":4},"end":{"line":498,"column":7}}},"fnMap":{"0":{"name":"ensureSchema","decl":{"start":{"line":22,"column":15},"end":{"line":22,"column":27}},"loc":{"start":{"line":22,"column":30},"end":{"line":35,"column":1}},"line":22},"1":{"name":"(anonymous_1)","decl":{"start":{"line":39,"column":13},"end":{"line":39,"column":14}},"loc":{"start":{"line":39,"column":19},"end":{"line":43,"column":3}},"line":39},"2":{"name":"(anonymous_2)","decl":{"start":{"line":46,"column":14},"end":{"line":46,"column":15}},"loc":{"start":{"line":46,"column":26},"end":{"line":57,"column":3}},"line":46},"3":{"name":"sendVerificationEmail","decl":{"start":{"line":73,"column":15},"end":{"line":73,"column":36}},"loc":{"start":{"line":73,"column":51},"end":{"line":106,"column":1}},"line":73},"4":{"name":"(anonymous_4)","decl":{"start":{"line":109,"column":23},"end":{"line":109,"column":24}},"loc":{"start":{"line":109,"column":39},"end":{"line":111,"column":1}},"line":109},"5":{"name":"(anonymous_5)","decl":{"start":{"line":113,"column":25},"end":{"line":113,"column":26}},"loc":{"start":{"line":113,"column":46},"end":{"line":121,"column":1}},"line":113},"6":{"name":"isGoogleEnabled","decl":{"start":{"line":124,"column":9},"end":{"line":124,"column":24}},"loc":{"start":{"line":124,"column":27},"end":{"line":126,"column":1}},"line":124},"7":{"name":"(anonymous_7)","decl":{"start":{"line":134,"column":5},"end":{"line":134,"column":6}},"loc":{"start":{"line":134,"column":57},"end":{"line":186,"column":3}},"line":134},"8":{"name":"ensureLocalAllowed","decl":{"start":{"line":193,"column":9},"end":{"line":193,"column":27}},"loc":{"start":{"line":193,"column":34},"end":{"line":198,"column":1}},"line":193},"9":{"name":"signJwt","decl":{"start":{"line":200,"column":9},"end":{"line":200,"column":16}},"loc":{"start":{"line":200,"column":23},"end":{"line":205,"column":1}},"line":200},"10":{"name":"getUserById","decl":{"start":{"line":207,"column":15},"end":{"line":207,"column":26}},"loc":{"start":{"line":207,"column":31},"end":{"line":210,"column":1}},"line":207},"11":{"name":"setJwtCookie","decl":{"start":{"line":212,"column":9},"end":{"line":212,"column":21}},"loc":{"start":{"line":212,"column":34},"end":{"line":219,"column":1}},"line":212},"12":{"name":"(anonymous_12)","decl":{"start":{"line":225,"column":46},"end":{"line":225,"column":47}},"loc":{"start":{"line":225,"column":66},"end":{"line":279,"column":1}},"line":225},"13":{"name":"(anonymous_13)","decl":{"start":{"line":282,"column":43},"end":{"line":282,"column":44}},"loc":{"start":{"line":282,"column":63},"end":{"line":313,"column":1}},"line":282},"14":{"name":"(anonymous_14)","decl":{"start":{"line":305,"column":31},"end":{"line":305,"column":32}},"loc":{"start":{"line":305,"column":40},"end":{"line":308,"column":5}},"line":305},"15":{"name":"(anonymous_15)","decl":{"start":{"line":307,"column":30},"end":{"line":307,"column":31}},"loc":{"start":{"line":307,"column":36},"end":{"line":307,"column":225}},"line":307},"16":{"name":"(anonymous_16)","decl":{"start":{"line":316,"column":40},"end":{"line":316,"column":41}},"loc":{"start":{"line":316,"column":60},"end":{"line":322,"column":1}},"line":316},"17":{"name":"(anonymous_17)","decl":{"start":{"line":325,"column":49},"end":{"line":325,"column":50}},"loc":{"start":{"line":325,"column":69},"end":{"line":331,"column":1}},"line":325},"18":{"name":"(anonymous_18)","decl":{"start":{"line":331,"column":3},"end":{"line":331,"column":4}},"loc":{"start":{"line":331,"column":23},"end":{"line":350,"column":1}},"line":331},"19":{"name":"(anonymous_19)","decl":{"start":{"line":341,"column":23},"end":{"line":341,"column":24}},"loc":{"start":{"line":341,"column":32},"end":{"line":343,"column":7}},"line":341},"20":{"name":"(anonymous_20)","decl":{"start":{"line":352,"column":50},"end":{"line":352,"column":51}},"loc":{"start":{"line":352,"column":64},"end":{"line":354,"column":1}},"line":352},"21":{"name":"(anonymous_21)","decl":{"start":{"line":357,"column":48},"end":{"line":357,"column":49}},"loc":{"start":{"line":357,"column":68},"end":{"line":446,"column":1}},"line":357},"22":{"name":"(anonymous_22)","decl":{"start":{"line":449,"column":43},"end":{"line":449,"column":44}},"loc":{"start":{"line":449,"column":57},"end":{"line":473,"column":1}},"line":449},"23":{"name":"(anonymous_23)","decl":{"start":{"line":457,"column":13},"end":{"line":457,"column":14}},"loc":{"start":{"line":457,"column":22},"end":{"line":472,"column":3}},"line":457},"24":{"name":"(anonymous_24)","decl":{"start":{"line":466,"column":24},"end":{"line":466,"column":25}},"loc":{"start":{"line":466,"column":33},"end":{"line":471,"column":5}},"line":466},"25":{"name":"(anonymous_25)","decl":{"start":{"line":477,"column":18},"end":{"line":477,"column":19}},"loc":{"start":{"line":477,"column":38},"end":{"line":489,"column":1}},"line":477},"26":{"name":"(anonymous_26)","decl":{"start":{"line":493,"column":31},"end":{"line":493,"column":32}},"loc":{"start":{"line":493,"column":45},"end":{"line":499,"column":3}},"line":493}},"branchMap":{"0":{"loc":{"start":{"line":38,"column":0},"end":{"line":58,"column":1}},"type":"if","locations":[{"start":{"line":38,"column":0},"end":{"line":58,"column":1}},{"start":{},"end":{}}],"line":38},"1":{"loc":{"start":{"line":40,"column":4},"end":{"line":42,"column":5}},"type":"if","locations":[{"start":{"line":40,"column":4},"end":{"line":42,"column":5}},{"start":{},"end":{}}],"line":40},"2":{"loc":{"start":{"line":47,"column":4},"end":{"line":56,"column":5}},"type":"if","locations":[{"start":{"line":47,"column":4},"end":{"line":56,"column":5}},{"start":{},"end":{}}],"line":47},"3":{"loc":{"start":{"line":63,"column":15},"end":{"line":63,"column":43}},"type":"binary-expr","locations":[{"start":{"line":63,"column":15},"end":{"line":63,"column":36}},{"start":{"line":63,"column":40},"end":{"line":63,"column":43}}],"line":63},"4":{"loc":{"start":{"line":64,"column":10},"end":{"line":64,"column":79}},"type":"binary-expr","locations":[{"start":{"line":64,"column":10},"end":{"line":64,"column":44}},{"start":{"line":64,"column":48},"end":{"line":64,"column":79}}],"line":64},"5":{"loc":{"start":{"line":65,"column":8},"end":{"line":68,"column":15}},"type":"cond-expr","locations":[{"start":{"line":65,"column":57},"end":{"line":68,"column":3}},{"start":{"line":68,"column":6},"end":{"line":68,"column":15}}],"line":65},"6":{"loc":{"start":{"line":65,"column":8},"end":{"line":65,"column":54}},"type":"binary-expr","locations":[{"start":{"line":65,"column":8},"end":{"line":65,"column":29}},{"start":{"line":65,"column":33},"end":{"line":65,"column":54}}],"line":65},"7":{"loc":{"start":{"line":74,"column":15},"end":{"line":74,"column":89}},"type":"binary-expr","locations":[{"start":{"line":74,"column":15},"end":{"line":74,"column":39}},{"start":{"line":74,"column":43},"end":{"line":74,"column":89}}],"line":74},"8":{"loc":{"start":{"line":74,"column":63},"end":{"line":74,"column":87}},"type":"binary-expr","locations":[{"start":{"line":74,"column":63},"end":{"line":74,"column":79}},{"start":{"line":74,"column":83},"end":{"line":74,"column":87}}],"line":74},"9":{"loc":{"start":{"line":78,"column":2},"end":{"line":85,"column":3}},"type":"if","locations":[{"start":{"line":78,"column":2},"end":{"line":85,"column":3}},{"start":{},"end":{}}],"line":78},"10":{"loc":{"start":{"line":78,"column":6},"end":{"line":78,"column":80}},"type":"binary-expr","locations":[{"start":{"line":78,"column":6},"end":{"line":78,"column":28}},{"start":{"line":78,"column":32},"end":{"line":78,"column":54}},{"start":{"line":78,"column":58},"end":{"line":78,"column":80}}],"line":78},"11":{"loc":{"start":{"line":90,"column":12},"end":{"line":90,"column":63}},"type":"binary-expr","locations":[{"start":{"line":90,"column":12},"end":{"line":90,"column":34}},{"start":{"line":90,"column":38},"end":{"line":90,"column":63}}],"line":90},"12":{"loc":{"start":{"line":98,"column":4},"end":{"line":104,"column":5}},"type":"if","locations":[{"start":{"line":98,"column":4},"end":{"line":104,"column":5}},{"start":{},"end":{}}],"line":98},"13":{"loc":{"start":{"line":116,"column":4},"end":{"line":116,"column":43}},"type":"if","locations":[{"start":{"line":116,"column":4},"end":{"line":116,"column":43}},{"start":{},"end":{}}],"line":116},"14":{"loc":{"start":{"line":125,"column":17},"end":{"line":125,"column":81}},"type":"binary-expr","locations":[{"start":{"line":125,"column":17},"end":{"line":125,"column":45}},{"start":{"line":125,"column":49},"end":{"line":125,"column":81}}],"line":125},"15":{"loc":{"start":{"line":129,"column":0},"end":{"line":190,"column":1}},"type":"if","locations":[{"start":{"line":129,"column":0},"end":{"line":190,"column":1}},{"start":{"line":188,"column":7},"end":{"line":190,"column":1}}],"line":129},"16":{"loc":{"start":{"line":133,"column":17},"end":{"line":133,"column":79}},"type":"binary-expr","locations":[{"start":{"line":133,"column":17},"end":{"line":133,"column":48}},{"start":{"line":133,"column":52},"end":{"line":133,"column":79}}],"line":133},"17":{"loc":{"start":{"line":138,"column":26},"end":{"line":138,"column":53}},"type":"binary-expr","locations":[{"start":{"line":138,"column":26},"end":{"line":138,"column":45}},{"start":{"line":138,"column":49},"end":{"line":138,"column":53}}],"line":138},"18":{"loc":{"start":{"line":139,"column":24},"end":{"line":139,"column":58}},"type":"binary-expr","locations":[{"start":{"line":139,"column":24},"end":{"line":139,"column":50}},{"start":{"line":139,"column":54},"end":{"line":139,"column":58}}],"line":139},"19":{"loc":{"start":{"line":140,"column":6},"end":{"line":140,"column":43}},"type":"if","locations":[{"start":{"line":140,"column":6},"end":{"line":140,"column":43}},{"start":{},"end":{}}],"line":140},"20":{"loc":{"start":{"line":144,"column":6},"end":{"line":151,"column":7}},"type":"if","locations":[{"start":{"line":144,"column":6},"end":{"line":151,"column":7}},{"start":{},"end":{}}],"line":144},"21":{"loc":{"start":{"line":156,"column":6},"end":{"line":174,"column":7}},"type":"if","locations":[{"start":{"line":156,"column":6},"end":{"line":174,"column":7}},{"start":{},"end":{}}],"line":156},"22":{"loc":{"start":{"line":158,"column":8},"end":{"line":164,"column":9}},"type":"if","locations":[{"start":{"line":158,"column":8},"end":{"line":164,"column":9}},{"start":{},"end":{}}],"line":158},"23":{"loc":{"start":{"line":166,"column":8},"end":{"line":172,"column":9}},"type":"if","locations":[{"start":{"line":166,"column":8},"end":{"line":172,"column":9}},{"start":{},"end":{}}],"line":166},"24":{"loc":{"start":{"line":166,"column":12},"end":{"line":166,"column":68}},"type":"binary-expr","locations":[{"start":{"line":166,"column":12},"end":{"line":166,"column":31}},{"start":{"line":166,"column":35},"end":{"line":166,"column":68}}],"line":166},"25":{"loc":{"start":{"line":194,"column":2},"end":{"line":194,"column":35}},"type":"if","locations":[{"start":{"line":194,"column":2},"end":{"line":194,"column":35}},{"start":{},"end":{}}],"line":194},"26":{"loc":{"start":{"line":195,"column":2},"end":{"line":195,"column":80}},"type":"if","locations":[{"start":{"line":195,"column":2},"end":{"line":195,"column":80}},{"start":{},"end":{}}],"line":195},"27":{"loc":{"start":{"line":196,"column":2},"end":{"line":196,"column":74}},"type":"if","locations":[{"start":{"line":196,"column":2},"end":{"line":196,"column":74}},{"start":{},"end":{}}],"line":196},"28":{"loc":{"start":{"line":201,"column":17},"end":{"line":201,"column":61}},"type":"binary-expr","locations":[{"start":{"line":201,"column":17},"end":{"line":201,"column":39}},{"start":{"line":201,"column":43},"end":{"line":201,"column":61}}],"line":201},"29":{"loc":{"start":{"line":209,"column":9},"end":{"line":209,"column":24}},"type":"binary-expr","locations":[{"start":{"line":209,"column":9},"end":{"line":209,"column":16}},{"start":{"line":209,"column":20},"end":{"line":209,"column":24}}],"line":209},"30":{"loc":{"start":{"line":227,"column":2},"end":{"line":227,"column":81}},"type":"if","locations":[{"start":{"line":227,"column":2},"end":{"line":227,"column":81}},{"start":{},"end":{}}],"line":227},"31":{"loc":{"start":{"line":227,"column":6},"end":{"line":227,"column":72}},"type":"binary-expr","locations":[{"start":{"line":227,"column":6},"end":{"line":227,"column":37}},{"start":{"line":227,"column":41},"end":{"line":227,"column":72}}],"line":227},"32":{"loc":{"start":{"line":230,"column":38},"end":{"line":230,"column":52}},"type":"binary-expr","locations":[{"start":{"line":230,"column":38},"end":{"line":230,"column":46}},{"start":{"line":230,"column":50},"end":{"line":230,"column":52}}],"line":230},"33":{"loc":{"start":{"line":231,"column":4},"end":{"line":231,"column":103}},"type":"if","locations":[{"start":{"line":231,"column":4},"end":{"line":231,"column":103}},{"start":{},"end":{}}],"line":231},"34":{"loc":{"start":{"line":231,"column":8},"end":{"line":231,"column":27}},"type":"binary-expr","locations":[{"start":{"line":231,"column":8},"end":{"line":231,"column":14}},{"start":{"line":231,"column":18},"end":{"line":231,"column":27}}],"line":231},"35":{"loc":{"start":{"line":233,"column":21},"end":{"line":233,"column":81}},"type":"cond-expr","locations":[{"start":{"line":233,"column":63},"end":{"line":233,"column":74}},{"start":{"line":233,"column":77},"end":{"line":233,"column":81}}],"line":233},"36":{"loc":{"start":{"line":233,"column":21},"end":{"line":233,"column":60}},"type":"binary-expr","locations":[{"start":{"line":233,"column":21},"end":{"line":233,"column":45}},{"start":{"line":233,"column":49},"end":{"line":233,"column":60}}],"line":233},"37":{"loc":{"start":{"line":239,"column":4},"end":{"line":248,"column":5}},"type":"if","locations":[{"start":{"line":239,"column":4},"end":{"line":248,"column":5}},{"start":{},"end":{}}],"line":239},"38":{"loc":{"start":{"line":241,"column":6},"end":{"line":243,"column":7}},"type":"if","locations":[{"start":{"line":241,"column":6},"end":{"line":243,"column":7}},{"start":{},"end":{}}],"line":241},"39":{"loc":{"start":{"line":252,"column":4},"end":{"line":255,"column":5}},"type":"if","locations":[{"start":{"line":252,"column":4},"end":{"line":255,"column":5}},{"start":{},"end":{}}],"line":252},"40":{"loc":{"start":{"line":276,"column":16},"end":{"line":276,"column":115}},"type":"cond-expr","locations":[{"start":{"line":276,"column":56},"end":{"line":276,"column":77}},{"start":{"line":276,"column":80},"end":{"line":276,"column":115}}],"line":276},"41":{"loc":{"start":{"line":285,"column":4},"end":{"line":285,"column":103}},"type":"if","locations":[{"start":{"line":285,"column":4},"end":{"line":285,"column":103}},{"start":{},"end":{}}],"line":285},"42":{"loc":{"start":{"line":285,"column":8},"end":{"line":285,"column":27}},"type":"binary-expr","locations":[{"start":{"line":285,"column":8},"end":{"line":285,"column":14}},{"start":{"line":285,"column":18},"end":{"line":285,"column":27}}],"line":285},"43":{"loc":{"start":{"line":293,"column":4},"end":{"line":295,"column":5}},"type":"if","locations":[{"start":{"line":293,"column":4},"end":{"line":295,"column":5}},{"start":{},"end":{}}],"line":293},"44":{"loc":{"start":{"line":300,"column":4},"end":{"line":300,"column":73}},"type":"if","locations":[{"start":{"line":300,"column":4},"end":{"line":300,"column":73}},{"start":{},"end":{}}],"line":300},"45":{"loc":{"start":{"line":302,"column":4},"end":{"line":302,"column":75}},"type":"if","locations":[{"start":{"line":302,"column":4},"end":{"line":302,"column":75}},{"start":{},"end":{}}],"line":302},"46":{"loc":{"start":{"line":306,"column":6},"end":{"line":306,"column":70}},"type":"if","locations":[{"start":{"line":306,"column":6},"end":{"line":306,"column":70}},{"start":{},"end":{}}],"line":306},"47":{"loc":{"start":{"line":310,"column":16},"end":{"line":310,"column":101}},"type":"cond-expr","locations":[{"start":{"line":310,"column":56},"end":{"line":310,"column":70}},{"start":{"line":310,"column":73},"end":{"line":310,"column":101}}],"line":310},"48":{"loc":{"start":{"line":317,"column":2},"end":{"line":319,"column":3}},"type":"if","locations":[{"start":{"line":317,"column":2},"end":{"line":319,"column":3}},{"start":{},"end":{}}],"line":317},"49":{"loc":{"start":{"line":326,"column":2},"end":{"line":326,"column":96}},"type":"if","locations":[{"start":{"line":326,"column":2},"end":{"line":326,"column":96}},{"start":{},"end":{}}],"line":326},"50":{"loc":{"start":{"line":329,"column":24},"end":{"line":329,"column":73}},"type":"binary-expr","locations":[{"start":{"line":329,"column":24},"end":{"line":329,"column":46}},{"start":{"line":329,"column":50},"end":{"line":329,"column":73}}],"line":329},"51":{"loc":{"start":{"line":333,"column":4},"end":{"line":345,"column":5}},"type":"if","locations":[{"start":{"line":333,"column":4},"end":{"line":345,"column":5}},{"start":{},"end":{}}],"line":333},"52":{"loc":{"start":{"line":335,"column":6},"end":{"line":337,"column":7}},"type":"if","locations":[{"start":{"line":335,"column":6},"end":{"line":337,"column":7}},{"start":{},"end":{}}],"line":335},"53":{"loc":{"start":{"line":336,"column":31},"end":{"line":336,"column":80}},"type":"binary-expr","locations":[{"start":{"line":336,"column":31},"end":{"line":336,"column":53}},{"start":{"line":336,"column":57},"end":{"line":336,"column":80}}],"line":336},"54":{"loc":{"start":{"line":342,"column":28},"end":{"line":342,"column":77}},"type":"binary-expr","locations":[{"start":{"line":342,"column":28},"end":{"line":342,"column":50}},{"start":{"line":342,"column":54},"end":{"line":342,"column":77}}],"line":342},"55":{"loc":{"start":{"line":346,"column":27},"end":{"line":346,"column":76}},"type":"binary-expr","locations":[{"start":{"line":346,"column":27},"end":{"line":346,"column":49}},{"start":{"line":346,"column":53},"end":{"line":346,"column":76}}],"line":346},"56":{"loc":{"start":{"line":348,"column":27},"end":{"line":348,"column":76}},"type":"binary-expr","locations":[{"start":{"line":348,"column":27},"end":{"line":348,"column":49}},{"start":{"line":348,"column":53},"end":{"line":348,"column":76}}],"line":348},"57":{"loc":{"start":{"line":359,"column":25},"end":{"line":359,"column":46}},"type":"binary-expr","locations":[{"start":{"line":359,"column":25},"end":{"line":359,"column":40}},{"start":{"line":359,"column":44},"end":{"line":359,"column":46}}],"line":359},"58":{"loc":{"start":{"line":360,"column":4},"end":{"line":360,"column":72}},"type":"if","locations":[{"start":{"line":360,"column":4},"end":{"line":360,"column":72}},{"start":{},"end":{}}],"line":360},"59":{"loc":{"start":{"line":368,"column":4},"end":{"line":410,"column":5}},"type":"if","locations":[{"start":{"line":368,"column":4},"end":{"line":410,"column":5}},{"start":{},"end":{}}],"line":368},"60":{"loc":{"start":{"line":377,"column":6},"end":{"line":398,"column":7}},"type":"if","locations":[{"start":{"line":377,"column":6},"end":{"line":398,"column":7}},{"start":{"line":391,"column":13},"end":{"line":398,"column":7}}],"line":377},"61":{"loc":{"start":{"line":379,"column":8},"end":{"line":390,"column":9}},"type":"if","locations":[{"start":{"line":379,"column":8},"end":{"line":390,"column":9}},{"start":{"line":386,"column":15},"end":{"line":390,"column":9}}],"line":379},"62":{"loc":{"start":{"line":408,"column":24},"end":{"line":408,"column":73}},"type":"binary-expr","locations":[{"start":{"line":408,"column":24},"end":{"line":408,"column":46}},{"start":{"line":408,"column":50},"end":{"line":408,"column":73}}],"line":408},"63":{"loc":{"start":{"line":419,"column":4},"end":{"line":421,"column":5}},"type":"if","locations":[{"start":{"line":419,"column":4},"end":{"line":421,"column":5}},{"start":{},"end":{}}],"line":419},"64":{"loc":{"start":{"line":434,"column":4},"end":{"line":438,"column":5}},"type":"if","locations":[{"start":{"line":434,"column":4},"end":{"line":438,"column":5}},{"start":{},"end":{}}],"line":434},"65":{"loc":{"start":{"line":440,"column":22},"end":{"line":440,"column":71}},"type":"binary-expr","locations":[{"start":{"line":440,"column":22},"end":{"line":440,"column":44}},{"start":{"line":440,"column":48},"end":{"line":440,"column":71}}],"line":440},"66":{"loc":{"start":{"line":443,"column":16},"end":{"line":443,"column":115}},"type":"cond-expr","locations":[{"start":{"line":443,"column":56},"end":{"line":443,"column":77}},{"start":{"line":443,"column":80},"end":{"line":443,"column":115}}],"line":443},"67":{"loc":{"start":{"line":458,"column":4},"end":{"line":460,"column":5}},"type":"if","locations":[{"start":{"line":458,"column":4},"end":{"line":460,"column":5}},{"start":{},"end":{}}],"line":458},"68":{"loc":{"start":{"line":462,"column":4},"end":{"line":464,"column":5}},"type":"if","locations":[{"start":{"line":462,"column":4},"end":{"line":464,"column":5}},{"start":{},"end":{}}],"line":462},"69":{"loc":{"start":{"line":467,"column":6},"end":{"line":469,"column":7}},"type":"if","locations":[{"start":{"line":467,"column":6},"end":{"line":469,"column":7}},{"start":{},"end":{}}],"line":467},"70":{"loc":{"start":{"line":480,"column":4},"end":{"line":483,"column":5}},"type":"if","locations":[{"start":{"line":480,"column":4},"end":{"line":483,"column":5}},{"start":{},"end":{}}],"line":480},"71":{"loc":{"start":{"line":484,"column":4},"end":{"line":484,"column":54}},"type":"if","locations":[{"start":{"line":484,"column":4},"end":{"line":484,"column":54}},{"start":{},"end":{}}],"line":484},"72":{"loc":{"start":{"line":492,"column":0},"end":{"line":500,"column":1}},"type":"if","locations":[{"start":{"line":492,"column":0},"end":{"line":500,"column":1}},{"start":{},"end":{}}],"line":492},"73":{"loc":{"start":{"line":497,"column":12},"end":{"line":497,"column":28}},"type":"binary-expr","locations":[{"start":{"line":497,"column":12},"end":{"line":497,"column":20}},{"start":{"line":497,"column":24},"end":{"line":497,"column":28}}],"line":497}},"s":{"0":1,"1":0,"2":0,"3":0,"4":1,"5":0,"6":0,"7":0,"8":0,"9":0,"10":0,"11":0,"12":0,"13":1,"14":1,"15":1,"16":1,"17":1,"18":1,"19":1,"20":1,"21":1,"22":1,"23":0,"24":0,"25":0,"26":0,"27":0,"28":0,"29":0,"30":0,"31":1,"32":1,"33":1,"34":0,"35":0,"36":0,"37":0,"38":0,"39":0,"40":1,"41":1,"42":1,"43":0,"44":0,"45":0,"46":0,"47":0,"48":0,"49":0,"50":0,"51":0,"52":0,"53":0,"54":0,"55":0,"56":0,"57":0,"58":0,"59":0,"60":0,"61":0,"62":0,"63":0,"64":0,"65":0,"66":0,"67":0,"68":3,"69":0,"70":3,"71":0,"72":3,"73":1,"74":2,"75":2,"76":2,"77":2,"78":2,"79":1,"80":1,"81":2,"82":1,"83":1,"84":4,"85":0,"86":4,"87":4,"88":4,"89":2,"90":2,"91":2,"92":2,"93":2,"94":2,"95":1,"96":1,"97":1,"98":1,"99":0,"100":1,"101":1,"102":1,"103":1,"104":1,"105":1,"106":0,"107":0,"108":1,"109":4,"110":4,"111":4,"112":1,"113":3,"114":3,"115":3,"116":0,"117":3,"118":3,"119":3,"120":3,"121":1,"122":2,"123":2,"124":1,"125":1,"126":1,"127":1,"128":1,"129":0,"130":1,"131":1,"132":0,"133":0,"134":1,"135":0,"136":0,"137":0,"138":1,"139":0,"140":0,"141":0,"142":0,"143":0,"144":0,"145":0,"146":0,"147":0,"148":0,"149":0,"150":0,"151":0,"152":0,"153":0,"154":1,"155":0,"156":1,"157":3,"158":3,"159":3,"160":1,"161":2,"162":2,"163":1,"164":1,"165":1,"166":1,"167":0,"168":0,"169":0,"170":0,"171":0,"172":1,"173":1,"174":1,"175":1,"176":1,"177":1,"178":1,"179":1,"180":1,"181":1,"182":1,"183":0,"184":0,"185":0,"186":0,"187":0,"188":0,"189":0,"190":0,"191":0,"192":0,"193":0,"194":1,"195":2,"196":2,"197":2,"198":0,"199":2,"200":0,"201":2,"202":2,"203":0,"204":2,"205":1,"206":3,"207":3,"208":3,"209":1,"210":1,"211":2,"212":0,"213":2,"214":0,"215":1,"216":1,"217":0},"f":{"0":0,"1":0,"2":0,"3":1,"4":1,"5":0,"6":1,"7":0,"8":3,"9":2,"10":1,"11":2,"12":4,"13":4,"14":1,"15":1,"16":0,"17":0,"18":0,"19":0,"20":0,"21":3,"22":2,"23":2,"24":2,"25":3,"26":0},"b":{"0":[0,1],"1":[0,0],"2":[0,0],"3":[1,1],"4":[1,1],"5":[0,1],"6":[1,0],"7":[1,0],"8":[0,0],"9":[1,0],"10":[1,0,0],"11":[0,0],"12":[0,0],"13":[0,0],"14":[1,1],"15":[1,0],"16":[1,0],"17":[0,0],"18":[0,0],"19":[0,0],"20":[0,0],"21":[0,0],"22":[0,0],"23":[0,0],"24":[0,0],"25":[0,3],"26":[0,3],"27":[1,2],"28":[2,0],"29":[1,0],"30":[0,4],"31":[4,0],"32":[4,0],"33":[2,2],"34":[4,3],"35":[1,1],"36":[2,1],"37":[1,1],"38":[1,0],"39":[0,1],"40":[0,0],"41":[1,3],"42":[4,3],"43":[0,3],"44":[1,2],"45":[1,1],"46":[0,1],"47":[0,0],"48":[0,0],"49":[0,0],"50":[0,0],"51":[0,0],"52":[0,0],"53":[0,0],"54":[0,0],"55":[0,0],"56":[0,0],"57":[3,1],"58":[1,2],"59":[1,1],"60":[0,1],"61":[0,0],"62":[1,0],"63":[1,0],"64":[0,0],"65":[0,0],"66":[0,0],"67":[0,2],"68":[0,2],"69":[0,2],"70":[1,2],"71":[0,2],"72":[1,0],"73":[0,0]},"inputSourceMap":null,"_coverageSchema":"1a1c01bbd47fc00a2c39e90264f33305004495a9","hash":"a54dca586b8219a20aea05867ae2f22533daf3b3"}
,"D:\\Code\\Web apps\\PeakSelf\\server\\routes\\subscribe.js": {"path":"D:\\Code\\Web apps\\PeakSelf\\server\\routes\\subscribe.js","statementMap":{"0":{"start":{"line":6,"column":15},"end":{"line":6,"column":31}},"1":{"start":{"line":8,"column":20},"end":{"line":16,"column":2}},"2":{"start":{"line":18,"column":0},"end":{"line":46,"column":3}},"3":{"start":{"line":19,"column":2},"end":{"line":45,"column":3}},"4":{"start":{"line":20,"column":22},"end":{"line":20,"column":36}},"5":{"start":{"line":21,"column":4},"end":{"line":21,"column":76}},"6":{"start":{"line":21,"column":16},"end":{"line":21,"column":76}},"7":{"start":{"line":22,"column":18},"end":{"line":22,"column":45}},"8":{"start":{"line":23,"column":19},"end":{"line":23,"column":103}},"9":{"start":{"line":24,"column":4},"end":{"line":24,"column":87}},"10":{"start":{"line":24,"column":24},"end":{"line":24,"column":87}},"11":{"start":{"line":26,"column":4},"end":{"line":26,"column":107}},"12":{"start":{"line":28,"column":18},"end":{"line":28,"column":26}},"13":{"start":{"line":29,"column":17},"end":{"line":29,"column":91}},"14":{"start":{"line":30,"column":16},"end":{"line":30,"column":116}},"15":{"start":{"line":32,"column":4},"end":{"line":41,"column":5}},"16":{"start":{"line":33,"column":6},"end":{"line":33,"column":66}},"17":{"start":{"line":35,"column":6},"end":{"line":40,"column":9}},"18":{"start":{"line":42,"column":4},"end":{"line":42,"column":70}},"19":{"start":{"line":44,"column":4},"end":{"line":44,"column":59}},"20":{"start":{"line":48,"column":0},"end":{"line":57,"column":3}},"21":{"start":{"line":49,"column":2},"end":{"line":56,"column":3}},"22":{"start":{"line":50,"column":18},"end":{"line":50,"column":61}},"23":{"start":{"line":51,"column":4},"end":{"line":51,"column":72}},"24":{"start":{"line":51,"column":16},"end":{"line":51,"column":72}},"25":{"start":{"line":52,"column":4},"end":{"line":52,"column":102}},"26":{"start":{"line":53,"column":4},"end":{"line":53,"column":52}},"27":{"start":{"line":55,"column":4},"end":{"line":55,"column":59}}},"fnMap":{"0":{"name":"(anonymous_0)","decl":{"start":{"line":18,"column":17},"end":{"line":18,"column":18}},"loc":{"start":{"line":18,"column":37},"end":{"line":46,"column":1}},"line":18},"1":{"name":"(anonymous_1)","decl":{"start":{"line":48,"column":22},"end":{"line":48,"column":23}},"loc":{"start":{"line":48,"column":42},"end":{"line":57,"column":1}},"line":48}},"branchMap":{"0":{"loc":{"start":{"line":10,"column":15},"end":{"line":10,"column":43}},"type":"binary-expr","locations":[{"start":{"line":10,"column":15},"end":{"line":10,"column":36}},{"start":{"line":10,"column":40},"end":{"line":10,"column":43}}],"line":10},"1":{"loc":{"start":{"line":11,"column":10},"end":{"line":11,"column":79}},"type":"binary-expr","locations":[{"start":{"line":11,"column":10},"end":{"line":11,"column":44}},{"start":{"line":11,"column":48},"end":{"line":11,"column":79}}],"line":11},"2":{"loc":{"start":{"line":12,"column":8},"end":{"line":15,"column":15}},"type":"cond-expr","locations":[{"start":{"line":12,"column":57},"end":{"line":15,"column":3}},{"start":{"line":15,"column":6},"end":{"line":15,"column":15}}],"line":12},"3":{"loc":{"start":{"line":12,"column":8},"end":{"line":12,"column":54}},"type":"binary-expr","locations":[{"start":{"line":12,"column":8},"end":{"line":12,"column":29}},{"start":{"line":12,"column":33},"end":{"line":12,"column":54}}],"line":12},"4":{"loc":{"start":{"line":20,"column":22},"end":{"line":20,"column":36}},"type":"binary-expr","locations":[{"start":{"line":20,"column":22},"end":{"line":20,"column":30}},{"start":{"line":20,"column":34},"end":{"line":20,"column":36}}],"line":20},"5":{"loc":{"start":{"line":21,"column":4},"end":{"line":21,"column":76}},"type":"if","locations":[{"start":{"line":21,"column":4},"end":{"line":21,"column":76}},{"start":{},"end":{}}],"line":21},"6":{"loc":{"start":{"line":24,"column":4},"end":{"line":24,"column":87}},"type":"if","locations":[{"start":{"line":24,"column":4},"end":{"line":24,"column":87}},{"start":{},"end":{}}],"line":24},"7":{"loc":{"start":{"line":29,"column":17},"end":{"line":29,"column":91}},"type":"binary-expr","locations":[{"start":{"line":29,"column":17},"end":{"line":29,"column":41}},{"start":{"line":29,"column":45},"end":{"line":29,"column":91}}],"line":29},"8":{"loc":{"start":{"line":29,"column":65},"end":{"line":29,"column":89}},"type":"binary-expr","locations":[{"start":{"line":29,"column":65},"end":{"line":29,"column":81}},{"start":{"line":29,"column":85},"end":{"line":29,"column":89}}],"line":29},"9":{"loc":{"start":{"line":32,"column":4},"end":{"line":41,"column":5}},"type":"if","locations":[{"start":{"line":32,"column":4},"end":{"line":41,"column":5}},{"start":{"line":34,"column":11},"end":{"line":41,"column":5}}],"line":32},"10":{"loc":{"start":{"line":36,"column":14},"end":{"line":36,"column":65}},"type":"binary-expr","locations":[{"start":{"line":36,"column":14},"end":{"line":36,"column":36}},{"start":{"line":36,"column":40},"end":{"line":36,"column":65}}],"line":36},"11":{"loc":{"start":{"line":50,"column":25},"end":{"line":50,"column":46}},"type":"binary-expr","locations":[{"start":{"line":50,"column":25},"end":{"line":50,"column":40}},{"start":{"line":50,"column":44},"end":{"line":50,"column":46}}],"line":50},"12":{"loc":{"start":{"line":51,"column":4},"end":{"line":51,"column":72}},"type":"if","locations":[{"start":{"line":51,"column":4},"end":{"line":51,"column":72}},{"start":{},"end":{}}],"line":51}},"s":{"0":1,"1":1,"2":1,"3":3,"4":3,"5":3,"6":1,"7":2,"8":2,"9":2,"10":1,"11":1,"12":1,"13":1,"14":1,"15":1,"16":1,"17":0,"18":1,"19":0,"20":1,"21":2,"22":2,"23":2,"24":1,"25":1,"26":1,"27":0},"f":{"0":3,"1":2},"b":{"0":[1,1],"1":[1,1],"2":[0,1],"3":[1,0],"4":[3,0],"5":[1,2],"6":[1,1],"7":[1,0],"8":[0,0],"9":[1,0],"10":[0,0],"11":[2,1],"12":[1,1]},"inputSourceMap":null,"_coverageSchema":"1a1c01bbd47fc00a2c39e90264f33305004495a9","hash":"5c99964814f4fe813bb3956074d4dcc37d2f7711"}
,"D:\\Code\\Web apps\\PeakSelf\\server\\routes\\track.js": {"path":"D:\\Code\\Web apps\\PeakSelf\\server\\routes\\track.js","statementMap":{"0":{"start":{"line":15,"column":15},"end":{"line":15,"column":31}},"1":{"start":{"line":19,"column":2},"end":{"line":33,"column":3}},"2":{"start":{"line":20,"column":4},"end":{"line":30,"column":7}},"3":{"start":{"line":32,"column":4},"end":{"line":32,"column":78}},"4":{"start":{"line":35,"column":0},"end":{"line":35,"column":27}},"5":{"start":{"line":39,"column":2},"end":{"line":45,"column":4}},"6":{"start":{"line":49,"column":12},"end":{"line":49,"column":44}},"7":{"start":{"line":50,"column":12},"end":{"line":50,"column":42}},"8":{"start":{"line":51,"column":2},"end":{"line":51,"column":81}},"9":{"start":{"line":51,"column":62},"end":{"line":51,"column":81}},"10":{"start":{"line":52,"column":2},"end":{"line":52,"column":122}},"11":{"start":{"line":52,"column":104},"end":{"line":52,"column":122}},"12":{"start":{"line":53,"column":2},"end":{"line":53,"column":101}},"13":{"start":{"line":53,"column":84},"end":{"line":53,"column":101}},"14":{"start":{"line":54,"column":2},"end":{"line":54,"column":69}},"15":{"start":{"line":54,"column":53},"end":{"line":54,"column":69}},"16":{"start":{"line":55,"column":2},"end":{"line":55,"column":17}},"17":{"start":{"line":59,"column":2},"end":{"line":59,"column":41}},"18":{"start":{"line":59,"column":29},"end":{"line":59,"column":41}},"19":{"start":{"line":60,"column":2},"end":{"line":60,"column":29}},"20":{"start":{"line":65,"column":18},"end":{"line":65,"column":32}},"21":{"start":{"line":66,"column":2},"end":{"line":66,"column":39}},"22":{"start":{"line":66,"column":20},"end":{"line":66,"column":39}},"23":{"start":{"line":67,"column":2},"end":{"line":67,"column":39}},"24":{"start":{"line":67,"column":20},"end":{"line":67,"column":39}},"25":{"start":{"line":68,"column":2},"end":{"line":68,"column":14}},"26":{"start":{"line":72,"column":2},"end":{"line":72,"column":52}},"27":{"start":{"line":72,"column":40},"end":{"line":72,"column":52}},"28":{"start":{"line":73,"column":19},"end":{"line":73,"column":83}},"29":{"start":{"line":74,"column":2},"end":{"line":74,"column":41}},"30":{"start":{"line":79,"column":20},"end":{"line":79,"column":62}},"31":{"start":{"line":80,"column":23},"end":{"line":80,"column":61}},"32":{"start":{"line":81,"column":17},"end":{"line":81,"column":55}},"33":{"start":{"line":83,"column":24},"end":{"line":83,"column":57}},"34":{"start":{"line":85,"column":2},"end":{"line":112,"column":3}},"35":{"start":{"line":87,"column":21},"end":{"line":87,"column":90}},"36":{"start":{"line":88,"column":18},"end":{"line":88,"column":33}},"37":{"start":{"line":89,"column":4},"end":{"line":106,"column":5}},"38":{"start":{"line":91,"column":16},"end":{"line":93,"column":29}},"39":{"start":{"line":94,"column":18},"end":{"line":94,"column":125}},"40":{"start":{"line":95,"column":6},"end":{"line":95,"column":28}},"41":{"start":{"line":98,"column":18},"end":{"line":104,"column":7}},"42":{"start":{"line":105,"column":6},"end":{"line":105,"column":28}},"43":{"start":{"line":108,"column":4},"end":{"line":108,"column":93}},"44":{"start":{"line":108,"column":23},"end":{"line":108,"column":93}},"45":{"start":{"line":110,"column":4},"end":{"line":110,"column":74}},"46":{"start":{"line":111,"column":4},"end":{"line":111,"column":19}},"47":{"start":{"line":115,"column":12},"end":{"line":117,"column":25}},"48":{"start":{"line":118,"column":14},"end":{"line":118,"column":110}},"49":{"start":{"line":119,"column":18},"end":{"line":119,"column":29}},"50":{"start":{"line":120,"column":2},"end":{"line":120,"column":72}},"51":{"start":{"line":121,"column":2},"end":{"line":121,"column":72}},"52":{"start":{"line":122,"column":2},"end":{"line":122,"column":17}},"53":{"start":{"line":126,"column":2},"end":{"line":126,"column":58}},"54":{"start":{"line":126,"column":46},"end":{"line":126,"column":58}},"55":{"start":{"line":127,"column":19},"end":{"line":127,"column":107}},"56":{"start":{"line":128,"column":12},"end":{"line":128,"column":19}},"57":{"start":{"line":129,"column":2},"end":{"line":129,"column":22}},"58":{"start":{"line":129,"column":10},"end":{"line":129,"column":22}},"59":{"start":{"line":130,"column":2},"end":{"line":130,"column":30}},"60":{"start":{"line":130,"column":18},"end":{"line":130,"column":30}},"61":{"start":{"line":131,"column":14},"end":{"line":131,"column":29}},"62":{"start":{"line":132,"column":15},"end":{"line":132,"column":39}},"63":{"start":{"line":133,"column":15},"end":{"line":133,"column":45}},"64":{"start":{"line":134,"column":2},"end":{"line":134,"column":45}},"65":{"start":{"line":134,"column":33},"end":{"line":134,"column":45}},"66":{"start":{"line":135,"column":2},"end":{"line":135,"column":11}},"67":{"start":{"line":139,"column":2},"end":{"line":151,"column":3}},"68":{"start":{"line":140,"column":4},"end":{"line":140,"column":55}},"69":{"start":{"line":140,"column":48},"end":{"line":140,"column":55}},"70":{"start":{"line":141,"column":4},"end":{"line":148,"column":6}},"71":{"start":{"line":155,"column":20},"end":{"line":155,"column":62}},"72":{"start":{"line":156,"column":19},"end":{"line":156,"column":52}},"73":{"start":{"line":157,"column":17},"end":{"line":157,"column":55}},"74":{"start":{"line":160,"column":2},"end":{"line":178,"column":3}},"75":{"start":{"line":161,"column":4},"end":{"line":177,"column":5}},"76":{"start":{"line":162,"column":6},"end":{"line":174,"column":8}},"77":{"start":{"line":180,"column":2},"end":{"line":187,"column":3}},"78":{"start":{"line":182,"column":4},"end":{"line":184,"column":5}},"79":{"start":{"line":183,"column":6},"end":{"line":183,"column":101}},"80":{"start":{"line":185,"column":4},"end":{"line":185,"column":76}},"81":{"start":{"line":186,"column":4},"end":{"line":186,"column":23}},"82":{"start":{"line":190,"column":2},"end":{"line":192,"column":3}},"83":{"start":{"line":191,"column":4},"end":{"line":191,"column":42}},"84":{"start":{"line":195,"column":17},"end":{"line":199,"column":3}},"85":{"start":{"line":200,"column":14},"end":{"line":200,"column":31}},"86":{"start":{"line":201,"column":2},"end":{"line":201,"column":66}},"87":{"start":{"line":202,"column":2},"end":{"line":202,"column":13}},"88":{"start":{"line":205,"column":0},"end":{"line":258,"column":3}},"89":{"start":{"line":208,"column":22},"end":{"line":208,"column":92}},"90":{"start":{"line":209,"column":19},"end":{"line":211,"column":47}},"91":{"start":{"line":213,"column":15},"end":{"line":213,"column":119}},"92":{"start":{"line":214,"column":21},"end":{"line":214,"column":95}},"93":{"start":{"line":215,"column":20},"end":{"line":215,"column":61}},"94":{"start":{"line":216,"column":13},"end":{"line":216,"column":119}},"95":{"start":{"line":217,"column":17},"end":{"line":217,"column":49}},"96":{"start":{"line":219,"column":2},"end":{"line":257,"column":3}},"97":{"start":{"line":221,"column":20},"end":{"line":221,"column":73}},"98":{"start":{"line":222,"column":22},"end":{"line":222,"column":99}},"99":{"start":{"line":225,"column":4},"end":{"line":228,"column":6}},"100":{"start":{"line":231,"column":4},"end":{"line":231,"column":93}},"101":{"start":{"line":234,"column":4},"end":{"line":241,"column":5}},"102":{"start":{"line":235,"column":6},"end":{"line":238,"column":8}},"103":{"start":{"line":240,"column":6},"end":{"line":240,"column":88}},"104":{"start":{"line":243,"column":4},"end":{"line":243,"column":74}},"105":{"start":{"line":245,"column":4},"end":{"line":245,"column":73}},"106":{"start":{"line":247,"column":4},"end":{"line":254,"column":5}},"107":{"start":{"line":248,"column":6},"end":{"line":251,"column":8}},"108":{"start":{"line":253,"column":6},"end":{"line":253,"column":81}},"109":{"start":{"line":256,"column":4},"end":{"line":256,"column":39}}},"fnMap":{"0":{"name":"ensureTrafficEventsTable","decl":{"start":{"line":18,"column":15},"end":{"line":18,"column":39}},"loc":{"start":{"line":18,"column":42},"end":{"line":34,"column":1}},"line":18},"1":{"name":"cookieOpts","decl":{"start":{"line":38,"column":9},"end":{"line":38,"column":19}},"loc":{"start":{"line":38,"column":34},"end":{"line":46,"column":1}},"line":38},"2":{"name":"categorize","decl":{"start":{"line":48,"column":9},"end":{"line":48,"column":19}},"loc":{"start":{"line":48,"column":42},"end":{"line":56,"column":1}},"line":48},"3":{"name":"safeStr","decl":{"start":{"line":58,"column":9},"end":{"line":58,"column":16}},"loc":{"start":{"line":58,"column":25},"end":{"line":61,"column":1}},"line":58},"4":{"name":"currentUserId","decl":{"start":{"line":64,"column":9},"end":{"line":64,"column":22}},"loc":{"start":{"line":64,"column":28},"end":{"line":69,"column":1}},"line":64},"5":{"name":"verifyUserId","decl":{"start":{"line":71,"column":15},"end":{"line":71,"column":27}},"loc":{"start":{"line":71,"column":36},"end":{"line":75,"column":1}},"line":71},"6":{"name":"ensureVisitor","decl":{"start":{"line":77,"column":15},"end":{"line":77,"column":28}},"loc":{"start":{"line":77,"column":70},"end":{"line":123,"column":1}},"line":77},"7":{"name":"getActiveSession","decl":{"start":{"line":125,"column":15},"end":{"line":125,"column":31}},"loc":{"start":{"line":125,"column":43},"end":{"line":136,"column":1}},"line":125},"8":{"name":"endStaleSessionIfAny","decl":{"start":{"line":138,"column":15},"end":{"line":138,"column":35}},"loc":{"start":{"line":138,"column":47},"end":{"line":152,"column":1}},"line":138},"9":{"name":"ensureSession","decl":{"start":{"line":154,"column":15},"end":{"line":154,"column":28}},"loc":{"start":{"line":154,"column":94},"end":{"line":203,"column":1}},"line":154},"10
[...]
,"D:\\Code\\Web apps\\PeakSelf\\server\\utils\\supabase.js": {"path":"D:\\Code\\Web apps\\PeakSelf\\server\\utils\\supabase.js","statementMap":{"0":{"start":{"line":4,"column":20},"end":{"line":4,"column":44}},"1":{"start":{"line":5,"column":20},"end":{"line":5,"column":52}},"2":{"start":{"line":7,"column":0},"end":{"line":9,"column":1}},"3":{"start":{"line":8,"column":2},"end":{"line":8,"column":86}},"4":{"start":{"line":11,"column":24},"end":{"line":13,"column":8}},"5":{"start":{"line":23,"column":2},"end":{"line":25,"column":3}},"6":{"start":{"line":24,"column":4},"end":{"line":24,"column":50}},"7":{"start":{"line":27,"column":17},"end":{"line":27,"column":30}},"8":{"start":{"line":28,"column":19},"end":{"line":28,"column":46}},"9":{"start":{"line":30,"column":26},"end":{"line":36,"column":6}},"10":{"start":{"line":38,"column":2},"end":{"line":41,"column":3}},"11":{"start":{"line":39,"column":4},"end":{"line":39,"column":62}},"12":{"start":{"line":40,"column":4},"end":{"line":40,"column":16}},"13":{"start":{"line":44,"column":28},"end":{"line":46,"column":27}},"14":{"start":{"line":48,"column":2},"end":{"line":51,"column":4}},"15":{"start":{"line":59,"column":2},"end":{"line":61,"column":3}},"16":{"start":{"line":60,"column":4},"end":{"line":60,"column":50}},"17":{"start":{"line":63,"column":17},"end":{"line":63,"column":30}},"18":{"start":{"line":65,"column":20},"end":{"line":67,"column":23}},"19":{"start":{"line":69,"column":2},"end":{"line":72,"column":3}},"20":{"start":{"line":70,"column":4},"end":{"line":70,"column":63}},"21":{"start":{"line":71,"column":4},"end":{"line":71,"column":16}}},"fnMap":{"0":{"name":"uploadImage","decl":{"start":{"line":22,"column":22},"end":{"line":22,"column":33}},"loc":{"start":{"line":22,"column":69},"end":{"line":52,"column":1}},"line":22},"1":{"name":"deleteImage","decl":{"start":{"line":58,"column":22},"end":{"line":58,"column":33}},"loc":{"start":{"line":58,"column":44},"end":{"line":73,"column":1}},"line":58}},"branchMap":{"0":{"loc":{"start":{"line":7,"column":0},"end":{"line":9,"column":1}},"type":"if","locations":[{"start":{"line":7,"column":0},"end":{"line":9,"column":1}},{"start":{},"end":{}}],"line":7},"1":{"loc":{"start":{"line":7,"column":4},"end":{"line":7,"column":32}},"type":"binary-expr","locations":[{"start":{"line":7,"column":4},"end":{"line":7,"column":16}},{"start":{"line":7,"column":20},"end":{"line":7,"column":32}}],"line":7},"2":{"loc":{"start":{"line":11,"column":24},"end":{"line":13,"column":8}},"type":"cond-expr","locations":[{"start":{"line":12,"column":4},"end":{"line":12,"column":42}},{"start":{"line":13,"column":4},"end":{"line":13,"column":8}}],"line":11},"3":{"loc":{"start":{"line":11,"column":24},"end":{"line":11,"column":50}},"type":"binary-expr","locations":[{"start":{"line":11,"column":24},"end":{"line":11,"column":35}},{"start":{"line":11,"column":39},"end":{"line":11,"column":50}}],"line":11},"4":{"loc":{"start":{"line":23,"column":2},"end":{"line":25,"column":3}},"type":"if","locations":[{"start":{"line":23,"column":2},"end":{"line":25,"column":3}},{"start":{},"end":{}}],"line":23},"5":{"loc":{"start":{"line":38,"column":2},"end":{"line":41,"column":3}},"type":"if","locations":[{"start":{"line":38,"column":2},"end":{"line":41,"column":3}},{"start":{},"end":{}}],"line":38},"6":{"loc":{"start":{"line":59,"column":2},"end":{"line":61,"column":3}},"type":"if","locations":[{"start":{"line":59,"column":2},"end":{"line":61,"column":3}},{"start":{},"end":{}}],"line":59},"7":{"loc":{"start":{"line":69,"column":2},"end":{"line":72,"column":3}},"type":"if","locations":[{"start":{"line":69,"column":2},"end":{"line":72,"column":3}},{"start":{},"end":{}}],"line":69}},"s":{"0":0,"1":0,"2":0,"3":0,"4":0,"5":0,"6":0,"7":0,"8":0,"9":0,"10":0,"11":0,"12":0,"13":0,"14":0,"15":0,"16":0,"17":0,"18":0,"19":0,"20":0,"21":0},"f":{"0":0,"1":0},"b":{"0":[0,0],"1":[0,0],"2":[0,0],"3":[0,0],"4":[0,0],"5":[0,0],"6":[0,0],"7":[0,0]},"inputSourceMap":null}
,"D:\\Code\\Web apps\\PeakSelf\\server\\utils\\validateEnv.js": {"path":"D:\\Code\\Web apps\\PeakSelf\\server\\utils\\validateEnv.js","statementMap":{"0":{"start":{"line":8,"column":21},"end":{"line":61,"column":1}},"1":{"start":{"line":12,"column":6},"end":{"line":12,"column":52}},"2":{"start":{"line":12,"column":18},"end":{"line":12,"column":52}},"3":{"start":{"line":13,"column":6},"end":{"line":15,"column":7}},"4":{"start":{"line":14,"column":8},"end":{"line":14,"column":106}},"5":{"start":{"line":16,"column":6},"end":{"line":16,"column":18}},"6":{"start":{"line":24,"column":6},"end":{"line":24,"column":54}},"7":{"start":{"line":24,"column":18},"end":{"line":24,"column":54}},"8":{"start":{"line":25,"column":6},"end":{"line":27,"column":7}},"9":{"start":{"line":26,"column":8},"end":{"line":26,"column":81}},"10":{"start":{"line":28,"column":6},"end":{"line":28,"column":18}},"11":{"start":{"line":36,"column":6},"end":{"line":36,"column":50}},"12":{"start":{"line":36,"column":18},"end":{"line":36,"column":50}},"13":{"start":{"line":37,"column":6},"end":{"line":39,"column":7}},"14":{"start":{"line":38,"column":8},"end":{"line":38,"column":77}},"15":{"start":{"line":40,"column":6},"end":{"line":42,"column":7}},"16":{"start":{"line":41,"column":8},"end":{"line":41,"column":67}},"17":{"start":{"line":43,"column":6},"end":{"line":43,"column":18}},"18":{"start":{"line":51,"column":6},"end":{"line":51,"column":48}},"19":{"start":{"line":51,"column":18},"end":{"line":51,"column":48}},"20":{"start":{"line":52,"column":24},"end":{"line":52,"column":61}},"21":{"start":{"line":53,"column":6},"end":{"line":55,"column":7}},"22":{"start":{"line":54,"column":8},"end":{"line":54,"column":66}},"23":{"start":{"line":56,"column":6},"end":{"line":56,"column":18}},"24":{"start":{"line":63,"column":21},"end":{"line":96,"column":1}},"25":{"start":{"line":66,"column":6},"end":{"line":68,"column":7}},"26":{"start":{"line":67,"column":8},"end":{"line":67,"column":45}},"27":{"start":{"line":69,"column":6},"end":{"line":69,"column":18}},"28":{"start":{"line":88,"column":6},"end":{"line":90,"column":7}},"29":{"start":{"line":89,"column":8},"end":{"line":89,"column":50}},"30":{"start":{"line":91,"column":6},"end":{"line":91,"column":18}},"31":{"start":{"line":103,"column":17},"end":{"line":103,"column":19}},"32":{"start":{"line":104,"column":19},"end":{"line":104,"column":21}},"33":{"start":{"line":105,"column":24},"end":{"line":105,"column":62}},"34":{"start":{"line":108,"column":2},"end":{"line":132,"column":3}},"35":{"start":{"line":109,"column":18},"end":{"line":109,"column":34}},"36":{"start":{"line":111,"column":4},"end":{"line":119,"column":5}},"37":{"start":{"line":112,"column":6},"end":{"line":117,"column":9}},"38":{"start":{"line":118,"column":6},"end":{"line":118,"column":15}},"39":{"start":{"line":121,"column":4},"end":{"line":131,"column":5}},"40":{"start":{"line":122,"column":30},"end":{"line":122,"column":52}},"41":{"start":{"line":123,"column":6},"end":{"line":130,"column":7}},"42":{"start":{"line":124,"column":8},"end":{"line":129,"column":11}},"43":{"start":{"line":135,"column":2},"end":{"line":148,"column":3}},"44":{"start":{"line":136,"column":18},"end":{"line":136,"column":34}},"45":{"start":{"line":138,"column":4},"end":{"line":147,"column":5}},"46":{"start":{"line":139,"column":30},"end":{"line":139,"column":52}},"47":{"start":{"line":140,"column":6},"end":{"line":146,"column":7}},"48":{"start":{"line":141,"column":8},"end":{"line":145,"column":11}},"49":{"start":{"line":151,"column":2},"end":{"line":160,"column":3}},"50":{"start":{"line":153,"column":4},"end":{"line":159,"column":5}},"51":{"start":{"line":154,"column":6},"end":{"line":158,"column":9}},"52":{"start":{"line":163,"column":2},"end":{"line":172,"column":3}},"53":{"start":{"line":164,"column":4},"end":{"line":164,"column":57}},"54":{"start":{"line":165,"column":4},"end":{"line":165,"column":33}},"55":{"start":{"line":166,"column":4},"end":{"line":170,"column":7}},"56":{"start":{"line":167,"column":6},"end":{"line":167,"column":40}},"57":{"start":{"line":168,"column":6},"end":{"line":168,"column":45}},"58":{"start":{"line":169,"column":6},"end":{"line":169,"column":53}},"59":{"start":{"line":171,"column":4},"end":{"line":171,"column":47}},"60":{"start":{"line":175,"column":2},"end":{"line":200,"column":3}},"61":{"start":{"line":176,"column":4},"end":{"line":176,"column":65}},"62":{"start":{"line":177,"column":4},"end":{"line":177,"column":34}},"63":{"start":{"line":178,"column":4},"end":{"line":178,"column":94}},"64":{"start":{"line":180,"column":4},"end":{"line":188,"column":7}},"65":{"start":{"line":181,"column":6},"end":{"line":181,"column":37}},"66":{"start":{"line":182,"column":6},"end":{"line":182,"column":42}},"67":{"start":{"line":183,"column":6},"end":{"line":183,"column":54}},"68":{"start":{"line":184,"column":6},"end":{"line":186,"column":7}},"69":{"start":{"line":185,"column":8},"end":{"line":185,"column":48}},"70":{"start":{"line":187,"column":6},"end":{"line":187,"column":24}},"71":{"start":{"line":190,"column":4},"end":{"line":190,"column":34}},"72":{"start":{"line":191,"column":4},"end":{"line":191,"column":46}},"73":{"start":{"line":192,"column":4},"end":{"line":192,"column":89}},"74":{"start":{"line":193,"column":4},"end":{"line":193,"column":66}},"75":{"start":{"line":194,"column":4},"end":{"line":194,"column":46}},"76":{"start":{"line":195,"column":4},"end":{"line":195,"column":90}},"77":{"start":{"line":196,"column":4},"end":{"line":196,"column":41}},"78":{"start":{"line":199,"column":4},"end":{"line":199,"column":20}},"79":{"start":{"line":203,"column":2},"end":{"line":203,"column":64}},"80":{"start":{"line":204,"column":2},"end":{"line":204,"column":57}},"81":{"start":{"line":205,"column":2},"end":{"line":205,"column":88}},"82":{"start":{"line":208,"column":2},"end":{"line":216,"column":3}},"83":{"start":{"line":209,"column":27},"end":{"line":209,"column":29}},"84":{"start":{"line":210,"column":4},"end":{"line":210,"column":74}},"85":{"start":{"line":210,"column":38},"end":{"line":210,"column":74}},"86":{"start":{"line":211,"column":4},"end":{"line":211,"column":65}},"87":{"start":{"line":211,"column":31},"end":{"line":211,"column":65}},"88":{"start":{"line":213,"column":4},"end":{"line":215,"column":5}},"89":{"start":{"line":214,"column":6},"end":{"line":214,"column":72}},"90":{"start":{"line":217,"column":2},"end":{"line":217,"column":18}}},"fnMap":{"0":{"name":"(anonymous_0)","decl":{"start":{"line":11,"column":14},"end":{"line":11,"column":15}},"loc":{"start":{"line":11,"column":25},"end":{"line":17,"column":5}},"line":11},"1":{"name":"(anonymous_1)","decl":{"start":{"line":23,"column":14},"end":{"line":23,"column":15}},"loc":{"start":{"line":23,"column":25},"end":{"line":29,"column":5}},"line":23},"2":{"name":"(anonymous_2)","decl":{"start":{"line":35,"column":14},"end":{"line":35,"column":15}},"loc":{"start":{"line":35,"column":25},"end":{"line":44,"column":5}},"line":35},"3":{"name":"(anonymous_3)","decl":{"start":{"line":50,"column":14},"end":{"line":50,"column":15}},"loc":{"start":{"line":50,"column":25},"end":{"line":57,"column":5}},"line":50},"4":{"name":"(anonymous_4)","decl":{"start":{"line":65,"column":14},"end":{"line":65,"column":15}},"loc":{"start":{"line":65,"column":25},"end":{"line":70,"column":5}},"line":65},"5":{"name":"(anonymous_5)","decl":{"start":{"line":87,"column":14},"end":{"line":87,"column":15}},"loc":{"start":{"line":87,"column":25},"end":{"line":92,"column":5}},"line":87},"6":{"name":"validateEnv","decl":{"start":{"line":102,"column":9},"end":{"line":102,"column":20}},"loc":{"start":{"line":102,"column":23},"end":{"line":218,"column":1}},"line":102},"7":{"name":"(anonymous_7)","decl":{"start":{"line":166,"column":21},"end":{"line":166,"column":22}},"loc":{"start":{"line":166,"column":61},"end":{"line":170,"column":5}},"line":166},"8":{"name":"(anonymous_8)","decl":{"start":{"line":180,"column":19},"end":{"line":180,"column":20}},"loc":{"start":{"line":180,"column":66},"end":{"line":188,"column":5}},"line":180}},"branchMap":{"0":{"loc":{"start":{"line":12,"column":6},"end":{"line":12,"column":52}},"type":"if","locations":[{"start":{"line":12,"column":6},"end":{"line":12,"column":52}},{"start":{},"end":{}}],"line":12},"1":{"loc":{"start":{"line":13,"column":6},"end":{"line":15,"column":7}},"type":"if","locations":[{"start":{"line":13,"column":6},"end":{"line":15,"column":7}},{"start":{},"end":{}}],"line":13},"2":{"loc":{"start":{"line":13,"column":10},"end":{"line":13,"column":80}},"type":"binary-expr","locations":[{"start":{"line":13,"column":10},"end":{"line":13,"column":42}},{"start":{"line":13,"column":46},"end":{"line":13,"column":80}}],"line":13},"3":{"loc":{"start":{"line":24,"column":6},"end":{"line":24,"column":54}},"type":"if","locations":[{"start":{"line":24,"column":6},"end":{"line":24,"column":54}},{"start":{},"end":{}}],"line":24},"4":{"loc":{"start":{"line":25,"column":6},"end":{"line":27,"column":7}},"type":"if","locations":[{"start":{"line":25,"column":6},"end":{"line":27,"column":7}},{"start":{},"end":{}}],"line":25},"5":{"loc":{"start":{"line":36,"column":6},"end":{"line":36,"column":50}},"type":"if","locations":[{"start":{"line":36,"column":6},"end":{"line":36,"column":50}},{"start":{},"end":{}}],"line":36},"6":{"loc":{"start":{"line":37,"column":6},"end":{"line":39,"column":7}},"type":"if","locations":[{"start":{"line":37,"column":6},"end":{"line":39,"column":7}},{"start":{},"end":{}}],"line":37},"7":{"loc":{"start":{"line":40,"column":6},"end":{"line":42,"column":7}},"type":"if","locations":[{"start":{"line":40,"column":6},"end":{"line":42,"column":7}},{"start":{},"end":{}}],"line":40},"8":{"loc":{"start":{"line":51,"column":6},"end":{"line":51,"column":48}},"type":"if","locations":[{"start":{"line":51,"column":6},"end":{"line":51,"column":48}},{"start":{},"end":{}}],"line":51},"9":{"loc":{"start":{"line":53,"column":6},"end":{"line":55,"column":7}},"type":"if","locations":[{"start":{"line":53,"column":6},"end":{"line":55,"column":7}},{"start":{},"end":{}}],"line":53},"10":{"loc":{"start":{"line":66,"column":6},"end":{"line":68,"column":7}},"type":"if","locations":[{"start":{"line":66,"column":6},"end":{"line":68,"column":7}},{"start":{},"end":{}}],"line":66},"11":{"loc":{"start":{"line":66,"column":10},"end":{"line":66,"column":41}},"type":"binary-expr","locations":[{"start":{"line":66,"column":10},"end":{"line":66,"column":15}},{"start":{"line":66,"column":19},"end":{"line":66,"column":41}}],"line":66},"12":{"loc":{"start":{"line":88,"column":6},"end":{"line":90,"column":7}},"type":"if","locations":[{"start":{"line":88,"column":6},"end":{"line":90,"column":7}},{"start":{},"end":{}}],"line":88},"13":{"loc":{"start":{"line":88,"column":10},"end":{"line":88,"column":41}},"type":"binary-expr","locations":[{"start":{"line":88,"column":10},"end":{"line":88,"column":15}},{"start":{"line":88,"column":19},"end":{"line":88,"column":41}}],"line":88},"14":{"loc":{"start":{"line":111,"column":4},"end":{"line":119,"column":5}},"type":"if","locations":[{"start":{"line":111,"column":4},"end":{"line":119,"column":5}},{"start":{},"end":{}}],"line":111},"15":{"loc":{"start":{"line":111,"column":8},"end":{"line":111,"column":33}},"type":"binary-expr","locations":[{"start":{"line":111,"column":8},"end":{"line":111,"column":23}},{"start":{"line":111,"column":27},"end":{"line":111,"column":33}}],"line":111},"16":{"loc":{"start":{"line":121,"column":4},"end":{"line":131,"column":5}},"type":"if","locations":[{"start":{"line":121,"column":4},"end":{"line":131,"column":5}},{"start":{},"end":{}}],"line":121},"17":{"loc":{"start":{"line":121,"column":8},"end":{"line":121,"column":32}},"type":"binary-expr","locations":[{"start":{"line":121,"column":8},"end":{"line":121,"column":23}},{"start":{"line":121,"column":27},"end":{"line":121,"column":32}}],"line":121},"18":{"loc":{"start":{"line":123,"column":6},"end":{"line":130,"column":7}},"type":"if","locations":[{"start":{"line":123,"column":6},"end":{"line":130,"column":7}},{"start":{},"end":{}}],"line":123},"19":{"loc":{"start":{"line":138,"column":4},"end":{"line":147,"column":5}},"type":"if","locations":[{"start":{"line":138,"column":4},"end":{"line":147,"column":5}},{"start":{},"end":{}}],"line":138},"20":{"loc":{"start":{"line":138,"column":8},"end":{"line":138,"column":32}},"type":"binary-expr","locations":[{"start":{"line":138,"column":8},"end":{"line":138,"column":23}},{"start":{"line":138,"column":27},"end":{"line":138,"column":32}}],"line":138},"21":{"loc":{"start":{"line":140,"column":6},"end":{"line":146,"column":7}},"type":"if","locations":[{"start":{"line":140,"column":6},"end":{"line":146,"column":7}},{"start":{},"end":{}}],"line":140},"22":{"loc":{"start":{"line":151,"column":2},"end":{"line":160,"column":3}},"type":"if","locations":[{"start":{"line":151,"column":2},"end":{"line":160,"column":3}},{"start":{},"end":{}}],"line":151},"23":{"loc":{"start":{"line":153,"column":4},"end":{"line":159,"column":5}},"type":"if","locations":[{"start":{"line":153,"column":4},"end":{"line":159,"column":5}},{"start":{},"end":{}}],"line":153},"24":{"loc":{"start":{"line":163,"column":2},"end":{"line":172,"column":3}},"type":"if","locations":[{"start":{"line":163,"column":2},"end":{"line":172,"column":3}},{"start":{},"end":{}}],"line":163},"25":{"loc":{"start":{"line":175,"column":2},"end":{"line":200,"column":3}},"type":"if","locations":[{"start":{"line":175,"column":2},"end":{"line":200,"column":3}},{"start":{},"end":{}}],"line":175},"26":{"loc":{"start":{"line":184,"column":6},"end":{"line":186,"column":7}},"type":"if","locations":[{"start":{"line":184,"column":6},"end":{"line":186,"column":7}},{"start":{},"end":{}}],"line":184},"27":{"loc":{"start":{"line":205,"column":30},"end":{"line":205,"column":84}},"type":"binary-expr","locations":[{"start":{"line":205,"column":30},"end":{"line":205,"column":68}},{"start":{"line":205,"column":72},"end":{"line":205,"column":84}}],"line":205},"28":{"loc":{"start":{"line":208,"column":2},"end":{"line":216,"column":3}},"type":"if","locations":[{"start":{"line":208,"column":2},"end":{"line":216,"column":3}},{"start":{},"end":{}}],"line":208},"29":{"loc":{"start":{"line":210,"column":4},"end":{"line":210,"column":74}},"type":"if","locations":[{"start":{"line":210,"column":4},"end":{"line":210,"column":74}},{"start":{},"end":{}}],"line":210},"30":{"loc":{"start":{"line":211,"column":4},"end":{"line":211,"column":65}},"type":"if","locations":[{"start":{"line":211,"column":4},"end":{"line":211,"column":65}},{"start":{},"end":{}}],"line":211},"31":{"loc":{"start":{"line":213,"column":4},"end":{"line":215,"column":5}},"type":"if","locations":[{"start":{"line":213,"column":4},"end":{"line":215,"column":5}},{"start":{},"end":{}}],"line":213}},"s":{"0":0,"1":0,"2":0,"3":0,"4":0,"5":0,"6":0,"7":0,"8":0,"9":0,"10":0,"11":0,"12":0,"13":0,"14":0,"15":0,"16":0,"17":0,"18":0,"19":0,"20":0,"21":0,"22":0,"23":0,"24":0,"25":0,"26":0,"27":0,"28":0,"29":0,"30":0,"31":0,"32":0,"33":0,"34":0,"35":0,"36":0,"37":0,"38":0,"39":0,"40":0,"41":0,"42":0,"43":0,"44":0,"45":0,"46":0,"47":0,"48":0,"49":0,"50":0,"51":0,"52":0,"53":0,"54":0,"55":0,"56":0,"57":0,"58":0,"59":0,"60":0,"61":0,"62":0,"63":0,"64":0,"65":0,"66":0,"67":0,"68":0,"69":0,"70":0,"71":0,"72":0,"73":0,"74":0,"75":0,"76":0,"77":0,"78":0,"79":0,"80":0,"81":0,"82":0,"83":0,"84":0,"85":0,"86":0,"87":0,"88":0,"89":0,"90":0},"f":{"0":0,"1":0,"2":0,"3":0,"4":0,"5":0,"6":0,"7":0,"8":0},"b":{"0":[0,0],"1":[0,0],"2":[0,0],"3":[0,0],"4":[0,0],"5":[0,0],"6":[0,0],"7":[0,0],"8":[0,0],"9":[0,0],"10":[0,0],"11":[0,0],"12":[0,0],"13":[0,0],"14":[0,0],"15":[0,0],"16":[0,0],"17":[0,0],"18":[0,0],"19":[0,0],"20":[0,0],"21":[0,0],"22":[0,0],"23":[0,0],"24":[0,0],"25":[0,0],"26":[0,0],"27":[0,0],"28":[0,0],"29":[0,0],"30":[0,0],"31":[0,0]},"inputSourceMap":null}
}
