TN:
SF:middleware\auth.js
FN:9,verifyJwt
FN:30,getCurrentUser
FN:55,requireAuth
FN:69,requireAdmin
FNF:4
FNH:4
FNDA:30,verifyJwt
FNDA:10,getCurrentUser
FNDA:5,requireAuth
FNDA:8,requireAdmin
DA:10,30
DA:11,30
DA:15,30
DA:17,17
DA:18,17
DA:20,4
DA:31,10
DA:32,10
DA:33,5
DA:40,5
DA:41,2
DA:48,3
DA:56,5
DA:57,5
DA:58,2
DA:60,3
DA:61,3
DA:71,8
DA:72,8
DA:74,8
DA:75,1
DA:79,7
DA:80,7
DA:81,2
DA:87,5
DA:88,5
DA:97,7
DA:98,7
DA:101,7
DA:102,5
DA:103,5
DA:107,3
DA:108,3
DA:109,3
DA:116,7
DA:117,2
DA:120,5
DA:126,5
LF:38
LH:38
BRDA:11,0,0,30
BRDA:11,0,1,14
BRDA:12,1,0,1
BRDA:12,1,1,13
BRDA:15,2,0,13
BRDA:15,2,1,17
BRDA:17,3,0,17
BRDA:17,3,1,0
BRDA:32,4,0,5
BRDA:32,4,1,5
BRDA:40,5,0,2
BRDA:40,5,1,3
BRDA:57,6,0,2
BRDA:57,6,1,3
BRDA:74,7,0,1
BRDA:74,7,1,7
BRDA:74,8,0,8
BRDA:74,8,1,3
BRDA:80,9,0,2
BRDA:80,9,1,5
BRDA:87,10,0,5
BRDA:87,10,1,0
BRDA:97,11,0,7
BRDA:97,11,1,0
BRDA:98,12,0,7
BRDA:98,12,1,0
BRDA:101,13,0,5
BRDA:101,13,1,2
BRDA:107,14,0,3
BRDA:107,14,1,0
BRDA:109,15,0,3
BRDA:109,15,1,0
BRDA:116,16,0,2
BRDA:116,16,1,5
BRF:34
BRH:28
end_of_record
TN:
SF:middleware\csrf.js
FN:5,(anonymous_0)
FN:15,(anonymous_1)
FNF:2
FNH:1
FNDA:4,(anonymous_0)
FNDA:0,(anonymous_1)
DA:4,1
DA:5,4
DA:15,0
DA:19,1
DA:22,1
DA:25,1
LF:6
LH:5
BRDA:5,0,0,4
BRDA:5,0,1,0
BRF:2
BRH:1
end_of_record
TN:
SF:middleware\errorHandler.js
FN:5,(anonymous_0)
FN:14,(anonymous_1)
FN:22,(anonymous_2)
FN:30,(anonymous_3)
FN:39,(anonymous_4)
FN:47,(anonymous_5)
FN:55,errorHandler
FN:101,asyncHandler
FN:102,(anonymous_8)
FN:108,notFoundHandler
FNF:10
FNH:10
FNDA:1,(anonymous_0)
FNDA:1,(anonymous_1)
FNDA:1,(anonymous_2)
FNDA:1,(anonymous_3)
FNDA:2,(anonymous_4)
FNDA:1,(anonymous_5)
FNDA:7,errorHandler
FNDA:1,asyncHandler
FNDA:1,(anonymous_8)
FNDA:1,notFoundHandler
DA:6,1
DA:7,1
DA:8,1
DA:9,1
DA:15,1
DA:16,1
DA:17,1
DA:23,1
DA:24,1
DA:25,1
DA:31,1
DA:32,1
DA:33,1
DA:34,1
DA:40,2
DA:41,2
DA:42,2
DA:48,1
DA:49,1
DA:50,1
DA:57,7
DA:60,7
DA:68,7
DA:69,2
DA:70,2
DA:71,0
DA:73,2
DA:74,2
DA:76,5
DA:77,5
DA:81,7
DA:86,7
DA:87,7
DA:88,7
DA:89,0
DA:91,7
DA:92,7
DA:97,7
DA:102,1
DA:103,1
DA:109,1
DA:110,1
LF:42
LH:40
BRDA:5,0,0,1
BRDA:14,1,0,1
BRDA:22,2,0,1
BRDA:30,3,0,0
BRDA:30,4,0,1
BRDA:39,5,0,0
BRDA:47,6,0,0
BRDA:57,7,0,7
BRDA:57,7,1,1
BRDA:61,8,0,7
BRDA:61,8,1,0
BRDA:68,9,0,2
BRDA:68,9,1,5
BRDA:70,10,0,0
BRDA:70,10,1,2
BRDA:73,11,0,2
BRDA:73,11,1,0
BRDA:73,12,0,2
BRDA:73,12,1,2
BRDA:76,13,0,5
BRDA:76,13,1,0
BRDA:82,14,0,7
BRDA:82,14,1,0
BRDA:86,15,0,7
BRDA:86,15,1,0
BRDA:88,16,0,0
BRDA:88,16,1,7
BRDA:91,17,0,7
BRDA:91,17,1,0
BRF:29
BRH:18
end_of_record
TN:
SF:middleware\rateLimiter.js
FN:14,(anonymous_0)
FN:28,(anonymous_1)
FN:50,(anonymous_2)
FN:66,(anonymous_3)
FN:81,(anonymous_4)
FN:97,(anonymous_5)
FN:113,(anonymous_6)
FN:129,(anonymous_7)
FN:145,(anonymous_8)
FN:161,(anonymous_9)
FNF:10
FNH:2
FNDA:0,(anonymous_0)
FNDA:0,(anonymous_1)
FNDA:1,(anonymous_2)
FNDA:0,(anonymous_3)
FNDA:0,(anonymous_4)
FNDA:10,(anonymous_5)
FNDA:0,(anonymous_6)
FNDA:0,(anonymous_7)
FNDA:0,(anonymous_8)
FNDA:0,(anonymous_9)
DA:14,1
DA:15,0
DA:28,1
DA:29,0
DA:30,0
DA:33,0
DA:42,1
DA:50,1
DA:59,1
DA:66,0
DA:74,1
DA:81,0
DA:90,1
DA:97,10
DA:106,1
DA:113,0
DA:122,1
DA:129,0
DA:138,1
DA:145,0
DA:154,1
DA:161,0
DA:165,1
DA:166,1
DA:167,1
DA:168,0
DA:169,0
DA:170,0
DA:171,0
DA:172,0
DA:173,0
DA:174,0
DA:175,0
DA:177,1
DA:178,1
LF:35
LH:17
BRDA:18,0,0,0
BRDA:18,0,1,0
BRDA:29,1,0,0
BRDA:29,1,1,0
BRDA:30,2,0,0
BRDA:30,2,1,0
BRDA:167,3,0,0
BRDA:167,3,1,1
BRF:8
BRH:1
end_of_record
TN:
SF:routes\auth.js
FN:22,ensureSchema
FN:39,(anonymous_1)
FN:46,(anonymous_2)
FN:73,sendVerificationEmail
FN:109,(anonymous_4)
FN:113,(anonymous_5)
FN:124,isGoogleEnabled
FN:134,(anonymous_7)
FN:193,ensureLocalAllowed
FN:200,signJwt
FN:207,getUserById
FN:212,setJwtCookie
FN:225,(anonymous_12)
FN:282,(anonymous_13)
FN:305,(anonymous_14)
FN:307,(anonymous_15)
FN:316,(anonymous_16)
FN:325,(anonymous_17)
FN:331,(anonymous_18)
FN:341,(anonymous_19)
FN:352,(anonymous_20)
FN:357,(anonymous_21)
FN:449,(anonymous_22)
FN:457,(anonymous_23)
FN:466,(anonymous_24)
FN:477,(anonymous_25)
FN:493,(anonymous_26)
FNF:27
FNH:16
FNDA:0,ensureSchema
FNDA:0,(anonymous_1)
FNDA:0,(anonymous_2)
FNDA:1,sendVerificationEmail
FNDA:1,(anonymous_4)
FNDA:0,(anonymous_5)
FNDA:1,isGoogleEnabled
FNDA:0,(anonymous_7)
FNDA:3,ensureLocalAllowed
FNDA:2,signJwt
FNDA:1,getUserById
FNDA:2,setJwtCookie
FNDA:4,(anonymous_12)
FNDA:4,(anonymous_13)
FNDA:1,(anonymous_14)
FNDA:1,(anonymous_15)
FNDA:0,(anonymous_16)
FNDA:0,(anonymous_17)
FNDA:0,(anonymous_18)
FNDA:0,(anonymous_19)
FNDA:0,(anonymous_20)
FNDA:3,(anonymous_21)
FNDA:2,(anonymous_22)
FNDA:2,(anonymous_23)
FNDA:2,(anonymous_24)
FNDA:3,(anonymous_25)
FNDA:0,(anonymous_26)
DA:19,1
DA:23,0
DA:24,0
DA:33,0
DA:38,1
DA:39,0
DA:40,0
DA:41,0
DA:46,0
DA:47,0
DA:48,0
DA:49,0
DA:54,0
DA:61,1
DA:74,1
DA:75,1
DA:78,1
DA:79,1
DA:80,1
DA:81,1
DA:82,1
DA:83,1
DA:84,1
DA:88,0
DA:89,0
DA:98,0
DA:99,0
DA:100,0
DA:101,0
DA:102,0
DA:103,0
DA:109,1
DA:110,1
DA:113,1
DA:114,0
DA:115,0
DA:116,0
DA:117,0
DA:119,0
DA:125,1
DA:129,1
DA:130,1
DA:135,0
DA:136,0
DA:137,0
DA:138,0
DA:139,0
DA:140,0
DA:143,0
DA:144,0
DA:146,0
DA:150,0
DA:154,0
DA:155,0
DA:156,0
DA:158,0
DA:159,0
DA:163,0
DA:166,0
DA:167,0
DA:171,0
DA:173,0
DA:177,0
DA:181,0
DA:182,0
DA:184,0
DA:194,3
DA:195,3
DA:196,3
DA:197,2
DA:201,2
DA:202,2
DA:203,2
DA:204,2
DA:208,1
DA:209,1
DA:213,2
DA:222,1
DA:225,1
DA:227,4
DA:229,4
DA:230,4
DA:231,4
DA:232,2
DA:233,2
DA:236,2
DA:237,2
DA:239,2
DA:241,1
DA:242,1
DA:251,1
DA:252,1
DA:254,0
DA:258,1
DA:259,1
DA:260,1
DA:262,1
DA:268,1
DA:271,1
DA:276,0
DA:277,0
DA:282,1
DA:283,4
DA:284,4
DA:285,4
DA:286,3
DA:289,3
DA:293,3
DA:294,0
DA:297,3
DA:298,3
DA:299,3
DA:300,3
DA:301,2
DA:302,2
DA:303,1
DA:304,1
DA:305,1
DA:306,1
DA:307,1
DA:310,0
DA:311,0
DA:316,1
DA:317,0
DA:318,0
DA:321,0
DA:325,1
DA:326,0
DA:328,0
DA:332,0
DA:333,0
DA:334,0
DA:335,0
DA:336,0
DA:338,0
DA:339,0
DA:341,0
DA:342,0
DA:344,0
DA:346,0
DA:348,0
DA:352,1
DA:353,0
DA:357,1
DA:358,3
DA:359,3
DA:360,3
DA:363,2
DA:368,2
DA:369,1
DA:372,1
DA:373,1
DA:377,1
DA:379,0
DA:381,0
DA:385,0
DA:388,0
DA:389,0
DA:393,1
DA:397,1
DA:401,1
DA:404,1
DA:405,1
DA:408,1
DA:409,1
DA:413,1
DA:417,1
DA:419,1
DA:420,1
DA:424,0
DA:425,0
DA:428,0
DA:432,0
DA:434,0
DA:436,0
DA:437,0
DA:440,0
DA:441,0
DA:443,0
DA:444,0
DA:449,1
DA:450,2
DA:457,2
DA:458,2
DA:459,0
DA:462,2
DA:463,0
DA:466,2
DA:467,2
DA:468,0
DA:470,2
DA:477,1
DA:478,3
DA:479,3
DA:480,3
DA:481,1
DA:482,1
DA:484,2
DA:485,2
DA:487,0
DA:492,1
DA:493,1
DA:494,0
LF:203
LH:110
BRDA:38,0,0,0
BRDA:38,0,1,1
BRDA:40,1,0,0
BRDA:40,1,1,0
BRDA:47,2,0,0
BRDA:47,2,1,0
BRDA:63,3,0,1
BRDA:63,3,1,1
BRDA:64,4,0,1
BRDA:64,4,1,1
BRDA:65,5,0,0
BRDA:65,5,1,1
BRDA:65,6,0,1
BRDA:65,6,1,0
BRDA:74,7,0,1
BRDA:74,7,1,0
BRDA:74,8,0,0
BRDA:74,8,1,0
BRDA:78,9,0,1
BRDA:78,9,1,0
BRDA:78,10,0,1
BRDA:78,10,1,0
BRDA:78,10,2,0
BRDA:90,11,0,0
BRDA:90,11,1,0
BRDA:98,12,0,0
BRDA:98,12,1,0
BRDA:116,13,0,0
BRDA:116,13,1,0
BRDA:125,14,0,1
BRDA:125,14,1,1
BRDA:129,15,0,1
BRDA:129,15,1,0
BRDA:133,16,0,1
BRDA:133,16,1,0
BRDA:138,17,0,0
BRDA:138,17,1,0
BRDA:139,18,0,0
BRDA:139,18,1,0
BRDA:140,19,0,0
BRDA:140,19,1,0
BRDA:144,20,0,0
BRDA:144,20,1,0
BRDA:156,21,0,0
BRDA:156,21,1,0
BRDA:158,22,0,0
BRDA:158,22,1,0
BRDA:166,23,0,0
BRDA:166,23,1,0
BRDA:166,24,0,0
BRDA:166,24,1,0
BRDA:194,25,0,0
BRDA:194,25,1,3
BRDA:195,26,0,0
BRDA:195,26,1,3
BRDA:196,27,0,1
BRDA:196,27,1,2
BRDA:201,28,0,2
BRDA:201,28,1,0
BRDA:209,29,0,1
BRDA:209,29,1,0
BRDA:227,30,0,0
BRDA:227,30,1,4
BRDA:227,31,0,4
BRDA:227,31,1,0
BRDA:230,32,0,4
BRDA:230,32,1,0
BRDA:231,33,0,2
BRDA:231,33,1,2
BRDA:231,34,0,4
BRDA:231,34,1,3
BRDA:233,35,0,1
BRDA:233,35,1,1
BRDA:233,36,0,2
BRDA:233,36,1,1
BRDA:239,37,0,1
BRDA:239,37,1,1
BRDA:241,38,0,1
BRDA:241,38,1,0
BRDA:252,39,0,0
BRDA:252,39,1,1
BRDA:276,40,0,0
BRDA:276,40,1,0
BRDA:285,41,0,1
BRDA:285,41,1,3
BRDA:285,42,0,4
BRDA:285,42,1,3
BRDA:293,43,0,0
BRDA:293,43,1,3
BRDA:300,44,0,1
BRDA:300,44,1,2
BRDA:302,45,0,1
BRDA:302,45,1,1
BRDA:306,46,0,0
BRDA:306,46,1,1
BRDA:310,47,0,0
BRDA:310,47,1,0
BRDA:317,48,0,0
BRDA:317,48,1,0
BRDA:326,49,0,0
BRDA:326,49,1,0
BRDA:329,50,0,0
BRDA:329,50,1,0
BRDA:333,51,0,0
BRDA:333,51,1,0
BRDA:335,52,0,0
BRDA:335,52,1,0
BRDA:336,53,0,0
BRDA:336,53,1,0
BRDA:342,54,0,0
BRDA:342,54,1,0
BRDA:346,55,0,0
BRDA:346,55,1,0
BRDA:348,56,0,0
BRDA:348,56,1,0
BRDA:359,57,0,3
BRDA:359,57,1,1
BRDA:360,58,0,1
BRDA:360,58,1,2
BRDA:368,59,0,1
BRDA:368,59,1,1
BRDA:377,60,0,0
BRDA:377,60,1,1
BRDA:379,61,0,0
BRDA:379,61,1,0
BRDA:408,62,0,1
BRDA:408,62,1,0
BRDA:419,63,0,1
BRDA:419,63,1,0
BRDA:434,64,0,0
BRDA:434,64,1,0
BRDA:440,65,0,0
BRDA:440,65,1,0
BRDA:443,66,0,0
BRDA:443,66,1,0
BRDA:458,67,0,0
BRDA:458,67,1,2
BRDA:462,68,0,0
BRDA:462,68,1,2
BRDA:467,69,0,0
BRDA:467,69,1,2
BRDA:480,70,0,1
BRDA:480,70,1,2
BRDA:484,71,0,0
BRDA:484,71,1,2
BRDA:492,72,0,1
BRDA:492,72,1,0
BRDA:497,73,0,0
BRDA:497,73,1,0
BRF:149
BRH:61
end_of_record
TN:
SF:routes\subscribe.js
FN:18,(anonymous_0)
FN:48,(anonymous_1)
FNF:2
FNH:2
FNDA:3,(anonymous_0)
FNDA:2,(anonymous_1)
DA:6,1
DA:8,1
DA:18,1
DA:19,3
DA:20,3
DA:21,3
DA:22,2
DA:23,2
DA:24,2
DA:26,1
DA:28,1
DA:29,1
DA:30,1
DA:32,1
DA:33,1
DA:35,0
DA:42,1
DA:44,0
DA:48,1
DA:49,2
DA:50,2
DA:51,2
DA:52,1
DA:53,1
DA:55,0
LF:25
LH:22
BRDA:10,0,0,1
BRDA:10,0,1,1
BRDA:11,1,0,1
BRDA:11,1,1,1
BRDA:12,2,0,0
BRDA:12,2,1,1
BRDA:12,3,0,1
BRDA:12,3,1,0
BRDA:20,4,0,3
BRDA:20,4,1,0
BRDA:21,5,0,1
BRDA:21,5,1,2
BRDA:24,6,0,1
BRDA:24,6,1,1
BRDA:29,7,0,1
BRDA:29,7,1,0
BRDA:29,8,0,0
BRDA:29,8,1,0
BRDA:32,9,0,1
BRDA:32,9,1,0
BRDA:36,10,0,0
BRDA:36,10,1,0
BRDA:50,11,0,2
BRDA:50,11,1,1
BRDA:51,12,0,1
BRDA:51,12,1,1
BRF:26
BRH:17
end_of_record
TN:
SF:routes\track.js
FN:18,ensureTrafficEventsTable
FN:38,cookieOpts
FN:48,categorize
FN:58,safeStr
FN:64,currentUserId
FN:71,verifyUserId
FN:77,ensureVisitor
FN:125,getActiveSession
FN:138,endStaleSessionIfAny
FN:154,ensureSession
FN:205,(anonymous_10)
FNF:11
FNH:10
FNDA:1,ensureTrafficEventsTable
FNDA:3,cookieOpts
FNDA:3,categorize
FNDA:24,safeStr
FNDA:4,currentUserId
FNDA:4,verifyUserId
FNDA:3,ensureVisitor
FNDA:1,getActiveSession
FNDA:0,endStaleSessionIfAny
FNDA:1,ensureSession
FNDA:3,(anonymous_10)
DA:15,1
DA:19,1
DA:20,1
DA:32,0
DA:35,1
DA:39,3
DA:49,3
DA:50,3
DA:51,3
DA:52,3
DA:53,3
DA:54,3
DA:55,2
DA:59,24
DA:60,18
DA:65,4
DA:66,4
DA:67,4
DA:68,4
DA:72,4
DA:73,0
DA:74,0
DA:79,3
DA:80,3
DA:81,3
DA:83,3
DA:85,3
DA:87,0
DA:88,0
DA:89,0
DA:91,0
DA:94,0
DA:95,0
DA:98,0
DA:105,0
DA:108,0
DA:110,0
DA:111,0
DA:115,3
DA:118,3
DA:119,2
DA:120,2
DA:121,1
DA:122,1
DA:126,1
DA:127,0
DA:128,0
DA:129,0
DA:130,0
DA:131,0
DA:132,0
DA:133,0
DA:134,0
DA:135,0
DA:139,0
DA:140,0
DA:141,0
DA:155,1
DA:156,1
DA:157,1
DA:160,1
DA:161,0
DA:162,0
DA:180,1
DA:182,0
DA:183,0
DA:185,0
DA:186,0
DA:190,1
DA:191,0
DA:195,1
DA:200,1
DA:201,1
DA:202,1
DA:205,1
DA:208,3
DA:209,3
DA:213,3
DA:214,3
DA:215,3
DA:216,3
DA:217,3
DA:219,3
DA:221,3
DA:222,1
DA:225,1
DA:231,1
DA:234,1
DA:235,1
DA:240,0
DA:243,1
DA:245,2
DA:247,2
DA:248,2
DA:253,1
DA:256,2
LF:96
LH:62
BRDA:38,0,0,0
BRDA:43,1,0,2
BRDA:43,1,1,1
BRDA:49,2,0,3
BRDA:49,2,1,2
BRDA:50,3,0,3
BRDA:50,3,1,2
BRDA:51,4,0,0
BRDA:51,4,1,3
BRDA:51,5,0,3
BRDA:51,5,1,3
BRDA:52,6,0,0
BRDA:52,6,1,3
BRDA:52,7,0,3
BRDA:52,7,1,3
BRDA:52,7,2,3
BRDA:52,7,3,3
BRDA:53,8,0,0
BRDA:53,8,1,3
BRDA:53,9,0,3
BRDA:53,9,1,3
BRDA:53,9,2,3
BRDA:54,10,0,1
BRDA:54,10,1,2
BRDA:54,11,0,3
BRDA:54,11,1,2
BRDA:59,12,0,6
BRDA:59,12,1,18
BRDA:66,13,0,0
BRDA:66,13,1,4
BRDA:67,14,0,0
BRDA:67,14,1,4
BRDA:72,15,0,4
BRDA:72,15,1,0
BRDA:72,16,0,4
BRDA:72,16,1,0
BRDA:74,17,0,0
BRDA:74,17,1,0
BRDA:83,18,0,3
BRDA:83,18,1,3
BRDA:83,18,2,0
BRDA:85,19,0,0
BRDA:85,19,1,3
BRDA:85,20,0,3
BRDA:85,20,1,0
BRDA:88,21,0,0
BRDA:88,21,1,0
BRDA:89,22,0,0
BRDA:89,22,1,0
BRDA:108,23,0,0
BRDA:108,23,1,0
BRDA:126,24,0,1
BRDA:126,24,1,0
BRDA:126,25,0,1
BRDA:126,25,1,0
BRDA:129,26,0,0
BRDA:129,26,1,0
BRDA:130,27,0,0
BRDA:130,27,1,0
BRDA:134,28,0,0
BRDA:134,28,1,0
BRDA:140,29,0,0
BRDA:140,29,1,0
BRDA:140,30,0,0
BRDA:140,30,1,0
BRDA:160,31,0,0
BRDA:160,31,1,1
BRDA:169,32,0,0
BRDA:169,32,1,0
BRDA:169,32,2,0
BRDA:170,33,0,0
BRDA:170,33,1,0
BRDA:170,33,2,0
BRDA:171,34,0,0
BRDA:171,34,1,0
BRDA:171,34,2,0
BRDA:180,35,0,0
BRDA:180,35,1,1
BRDA:182,36,0,0
BRDA:182,36,1,0
BRDA:182,37,0,0
BRDA:182,37,1,0
BRDA:190,38,0,0
BRDA:190,38,1,1
BRDA:198,39,0,1
BRDA:198,39,1,0
BRDA:198,39,2,0
BRDA:208,40,0,3
BRDA:208,40,1,3
BRDA:209,41,0,1
BRDA:209,41,1,2
BRDA:211,42,0,2
BRDA:211,42,1,2
BRDA:213,43,0,3
BRDA:213,43,1,0
BRDA:213,44,0,0
BRDA:213,44,1,0
BRDA:213,44,2,0
BRDA:214,45,0,1
BRDA:214,45,1,2
BRDA:215,46,0,3
BRDA:215,46,1,3
BRDA:216,47,0,3
BRDA:216,47,1,0
BRDA:216,47,2,0
BRDA:216,47,3,0
BRDA:227,48,0,1
BRDA:227,48,1,0
BRDA:237,49,0,1
BRDA:237,49,1,0
BRDA:250,50,0,2
BRDA:250,50,1,0
BRF:112
BRH:53
end_of_record
TN:
SF:routes\admin\blog.js
FN:17,(anonymous_0)
FN:27,generateSlug
FN:35,(anonymous_2)
FN:48,(anonymous_3)
FN:68,(anonymous_4)
FN:98,(anonymous_5)
FN:133,(anonymous_6)
FN:154,(anonymous_7)
FNF:8
FNH:8
FNDA:3,(anonymous_0)
FNDA:9,generateSlug
FNDA:2,(anonymous_2)
FNDA:2,(anonymous_3)
FNDA:7,(anonymous_4)
FNDA:4,(anonymous_5)
FNDA:2,(anonymous_6)
FNDA:4,(anonymous_7)
DA:9,1
DA:12,1
DA:18,3
DA:19,3
DA:21,0
DA:28,9
DA:35,1
DA:36,2
DA:37,2
DA:40,1
DA:42,1
DA:43,1
DA:48,1
DA:49,2
DA:50,2
DA:51,2
DA:56,2
DA:57,1
DA:60,1
DA:62,0
DA:63,0
DA:68,1
DA:69,7
DA:70,7
DA:72,7
DA:73,1
DA:76,6
DA:77,6
DA:79,6
DA:86,5
DA:88,1
DA:89,1
DA:90,1
DA:92,0
DA:98,1
DA:99,4
DA:100,4
DA:101,4
DA:103,4
DA:104,1
DA:107,3
DA:109,3
DA:117,2
DA:118,1
DA:121,1
DA:123,1
DA:124,1
DA:125,1
DA:127,0
DA:133,1
DA:134,2
DA:135,2
DA:137,2
DA:142,2
DA:143,1
DA:146,1
DA:148,0
DA:149,0
DA:154,1
DA:155,4
DA:157,4
DA:158,4
DA:159,1
DA:162,3
DA:163,1
DA:166,2
DA:172,1
DA:174,1
DA:175,1
LF:69
LH:62
BRDA:18,0,0,3
BRDA:18,0,1,0
BRDA:56,1,0,1
BRDA:56,1,1,1
BRDA:70,2,0,6
BRDA:72,3,0,1
BRDA:72,3,1,6
BRDA:72,4,0,7
BRDA:72,4,1,6
BRDA:89,5,0,1
BRDA:89,5,1,0
BRDA:103,6,0,1
BRDA:103,6,1,3
BRDA:103,7,0,4
BRDA:103,7,1,4
BRDA:117,8,0,1
BRDA:117,8,1,1
BRDA:124,9,0,1
BRDA:124,9,1,0
BRDA:142,10,0,1
BRDA:142,10,1,1
BRDA:158,11,0,1
BRDA:158,11,1,3
BRDA:162,12,0,1
BRDA:162,12,1,2
BRF:25
BRH:22
end_of_record
TN:
SF:routes\admin\dashboard.js
FN:8,(anonymous_0)
FN:27,(anonymous_1)
FNF:2
FNH:2
FNDA:1,(anonymous_0)
FNDA:5,(anonymous_1)
DA:5,1
DA:8,1
DA:9,1
DA:27,1
DA:28,5
DA:30,5
DA:31,5
DA:38,3
DA:39,2
DA:46,3
DA:87,2
DA:89,1
DA:90,1
LF:13
LH:13
BRDA:38,0,0,2
BRDA:38,0,1,1
BRF:2
BRH:2
end_of_record
TN:
SF:routes\admin\index.js
FNF:0
FNH:0
DA:9,0
DA:12,0
DA:15,0
DA:16,0
DA:17,0
DA:18,0
DA:19,0
LF:7
LH:0
BRF:0
BRH:0
end_of_record
TN:
SF:routes\admin\sessions.js
FN:7,(anonymous_0)
FN:57,(anonymous_1)
FN:82,(anonymous_2)
FNF:3
FNH:3
FNDA:4,(anonymous_0)
FNDA:2,(anonymous_1)
FNDA:1,(anonymous_2)
DA:4,1
DA:7,1
DA:8,4
DA:9,4
DA:10,4
DA:11,4
DA:12,4
DA:13,4
DA:15,4
DA:16,4
DA:17,4
DA:18,4
DA:19,4
DA:20,4
DA:22,4
DA:25,4
DA:49,4
DA:51,0
DA:52,0
DA:57,1
DA:58,2
DA:59,2
DA:60,2
DA:73,2
DA:74,1
DA:76,0
DA:77,0
DA:82,1
DA:83,1
DA:84,1
DA:85,1
DA:89,1
DA:91,0
DA:92,0
LF:34
LH:28
BRDA:9,0,0,4
BRDA:9,0,1,0
BRDA:9,1,0,4
BRDA:9,1,1,3
BRDA:10,2,0,4
BRDA:10,2,1,3
BRDA:10,3,0,4
BRDA:10,3,1,3
BRDA:11,4,0,4
BRDA:11,4,1,3
BRDA:12,5,0,4
BRDA:12,5,1,3
BRDA:13,6,0,4
BRDA:13,6,1,4
BRDA:17,7,0,1
BRDA:17,7,1,3
BRDA:18,8,0,1
BRDA:18,8,1,3
BRDA:19,9,0,0
BRDA:19,9,1,4
BRDA:20,10,0,2
BRDA:20,10,1,2
BRDA:73,11,0,1
BRDA:73,11,1,1
BRF:24
BRH:22
end_of_record
TN:
SF:routes\admin\traffic.js
FN:8,(anonymous_0)
FN:70,(anonymous_1)
FN:122,(anonymous_2)
FNF:3
FNH:2
FNDA:2,(anonymous_0)
FNDA:0,(anonymous_1)
FNDA:5,(anonymous_2)
DA:5,1
DA:8,1
DA:9,2
DA:10,2
DA:17,2
DA:19,1
DA:21,1
DA:61,0
DA:62,0
DA:64,1
DA:65,1
DA:70,1
DA:71,0
DA:72,0
DA:73,0
DA:75,0
DA:114,0
DA:116,0
DA:117,0
DA:122,1
DA:123,5
DA:124,5
DA:125,5
DA:126,5
DA:127,5
DA:129,5
DA:130,5
DA:132,5
DA:133,5
DA:134,0
DA:136,5
DA:137,5
DA:138,5
DA:141,5
DA:142,5
DA:143,1
DA:144,1
DA:146,5
DA:147,1
DA:148,1
DA:152,5
DA:153,5
DA:154,0
DA:156,5
DA:157,5
DA:160,5
DA:170,5
DA:171,5
DA:173,5
DA:174,5
DA:176,5
DA:185,5
DA:196,0
DA:197,0
LF:54
LH:41
BRDA:17,0,0,1
BRDA:17,0,1,1
BRDA:61,1,0,0
BRDA:61,1,1,0
BRDA:124,2,0,5
BRDA:124,2,1,4
BRDA:125,3,0,5
BRDA:125,3,1,4
BRDA:126,4,0,5
BRDA:126,4,1,0
BRDA:126,5,0,5
BRDA:126,5,1,4
BRDA:127,6,0,5
BRDA:127,6,1,4
BRDA:127,7,0,5
BRDA:127,7,1,4
BRDA:132,8,0,5
BRDA:132,8,1,0
BRDA:132,9,0,5
BRDA:132,9,1,4
BRDA:133,10,0,0
BRDA:133,10,1,5
BRDA:136,11,0,5
BRDA:136,11,1,0
BRDA:136,12,0,5
BRDA:136,12,1,4
BRDA:142,13,0,1
BRDA:142,13,1,4
BRDA:146,14,0,1
BRDA:146,14,1,4
BRDA:153,15,0,0
BRDA:153,15,1,5
BRDA:156,16,0,5
BRDA:156,16,1,0
BRDA:156,17,0,5
BRDA:156,17,1,4
BRF:36
BRH:28
end_of_record
TN:
SF:routes\admin\users.js
FN:20,(anonymous_0)
FN:56,(anonymous_1)
FN:65,(anonymous_2)
FN:65,(anonymous_3)
FN:82,(anonymous_4)
FN:98,(anonymous_5)
FN:117,(anonymous_6)
FN:133,(anonymous_7)
FNF:8
FNH:8
FNDA:5,(anonymous_0)
FNDA:2,(anonymous_1)
FNDA:4,(anonymous_2)
FNDA:20,(anonymous_3)
FNDA:2,(anonymous_4)
FNDA:3,(anonymous_5)
FNDA:3,(anonymous_6)
FNDA:4,(anonymous_7)
DA:7,1
DA:9,1
DA:20,1
DA:21,5
DA:22,5
DA:23,5
DA:24,5
DA:25,5
DA:26,5
DA:27,1
DA:28,1
DA:29,1
DA:31,5
DA:32,1
DA:33,1
DA:35,5
DA:36,1
DA:37,1
DA:39,5
DA:40,5
DA:48,4
DA:50,1
DA:51,1
DA:56,1
DA:57,2
DA:58,2
DA:64,2
DA:65,4
DA:66,20
DA:67,20
DA:68,2
DA:70,18
DA:72,2
DA:73,2
DA:74,2
DA:76,0
DA:77,0
DA:82,1
DA:83,2
DA:84,2
DA:85,2
DA:89,2
DA:90,1
DA:92,0
DA:93,0
DA:98,1
DA:99,3
DA:100,3
DA:101,3
DA:102,1
DA:104,2
DA:108,2
DA:109,1
DA:111,0
DA:112,0
DA:117,1
DA:118,3
DA:119,3
DA:120,3
DA:121,1
DA:123,2
DA:124,2
DA:125,1
DA:127,0
DA:128,0
DA:133,1
DA:134,4
DA:135,4
DA:136,4
DA:137,4
DA:139,3
DA:140,3
DA:141,3
DA:142,2
DA:146,2
DA:149,3
DA:150,3
DA:151,3
DA:155,3
DA:156,3
DA:157,3
DA:158,3
DA:160,0
DA:161,0
DA:168,0
DA:171,3
DA:173,0
DA:174,0
LF:88
LH:75
BRDA:11,0,0,1
BRDA:11,0,1,1
BRDA:12,1,0,1
BRDA:12,1,1,1
BRDA:13,2,0,0
BRDA:13,2,1,1
BRDA:13,3,0,1
BRDA:13,3,1,0
BRDA:22,4,0,5
BRDA:22,4,1,4
BRDA:23,5,0,5
BRDA:23,5,1,3
BRDA:26,6,0,1
BRDA:26,6,1,4
BRDA:31,7,0,1
BRDA:31,7,1,4
BRDA:35,8,0,1
BRDA:35,8,1,4
BRDA:39,9,0,3
BRDA:39,9,1,2
BRDA:65,10,0,4
BRDA:65,10,1,1
BRDA:66,11,0,20
BRDA:66,11,1,0
BRDA:67,12,0,2
BRDA:67,12,1,18
BRDA:67,13,0,20
BRDA:67,13,1,19
BRDA:67,13,2,18
BRDA:89,14,0,1
BRDA:89,14,1,1
BRDA:101,15,0,1
BRDA:101,15,1,2
BRDA:108,16,0,1
BRDA:108,16,1,1
BRDA:120,17,0,1
BRDA:120,17,1,2
BRDA:124,18,0,1
BRDA:124,18,1,1
BRDA:135,19,0,4
BRDA:135,19,1,1
BRDA:136,20,0,1
BRDA:136,20,1,3
BRDA:137,21,0,1
BRDA:137,21,1,3
BRDA:141,22,0,2
BRDA:141,22,1,1
BRDA:155,23,0,3
BRDA:155,23,1,0
BRDA:155,24,0,0
BRDA:155,24,1,0
BRDA:157,25,0,3
BRDA:157,25,1,0
BRDA:162,26,0,0
BRDA:162,26,1,0
BRF:55
BRH:46
end_of_record
TN:
SF:utils\dateUtils.js
FN:7,normalizeRange
FNF:1
FNH:1
FNDA:35,normalizeRange
DA:8,35
DA:9,35
DA:13,5
DA:18,5
DA:22,5
DA:26,3
DA:29,2
DA:33,3
DA:35,12
DA:37,12
DA:38,8
DA:40,4
DA:41,4
LF:13
LH:13
BRDA:7,0,0,33
BRDA:8,1,0,35
BRDA:8,1,1,4
BRDA:9,2,0,1
BRDA:9,2,1,4
BRDA:9,2,2,5
BRDA:9,2,3,1
BRDA:9,2,4,2
BRDA:9,2,5,4
BRDA:9,2,6,5
BRDA:9,2,7,2
BRDA:9,2,8,4
BRDA:9,2,9,5
BRDA:9,2,10,1
BRDA:9,2,11,2
BRDA:9,2,12,3
BRDA:9,2,13,1
BRDA:9,2,14,2
BRDA:9,2,15,1
BRDA:9,2,16,2
BRDA:9,2,17,3
BRDA:9,2,18,12
BRDA:37,3,0,8
BRDA:37,3,1,4
BRDA:37,4,0,12
BRDA:37,4,1,6
BRF:26
BRH:26
end_of_record
TN:
SF:utils\db.js
FN:23,(anonymous_0)
FN:37,checkDatabaseAvailability
FNF:2
FNH:0
FNDA:0,(anonymous_0)
FNDA:0,checkDatabaseAvailability
DA:5,0
DA:6,0
DA:7,0
DA:12,0
DA:20,0
DA:23,0
DA:24,0
DA:25,0
DA:26,0
DA:27,0
DA:28,0
DA:30,0
DA:31,0
DA:32,0
DA:38,0
DA:39,0
DA:43,0
DA:45,0
LF:18
LH:0
BRDA:6,0,0,0
BRDA:6,0,1,0
BRDA:6,1,0,0
BRDA:6,1,1,0
BRDA:24,2,0,0
BRDA:24,2,1,0
BRDA:38,3,0,0
BRDA:38,3,1,0
BRF:8
BRH:0
end_of_record
TN:
SF:utils\logger.js
FN:17,(anonymous_0)
FN:29,(anonymous_1)
FN:86,(anonymous_2)
FNF:3
FNH:2
FNDA:9,(anonymous_0)
FNDA:9,(anonymous_1)
FNDA:0,(anonymous_2)
DA:6,1
DA:7,1
DA:10,1
DA:13,1
DA:18,9
DA:19,0
DA:21,9
DA:26,1
DA:30,9
DA:31,0
DA:33,9
DA:38,1
DA:41,1
DA:49,1
DA:51,0
DA:64,0
DA:77,1
DA:85,1
DA:87,0
LF:19
LH:14
BRDA:18,0,0,0
BRDA:18,0,1,9
BRDA:30,1,0,0
BRDA:30,1,1,9
BRDA:44,2,0,0
BRDA:44,2,1,1
BRDA:49,3,0,0
BRDA:49,3,1,1
BRDA:78,4,0,1
BRDA:78,4,1,1
BRF:10
BRH:6
end_of_record
TN:
SF:utils\supabase.js
FN:22,uploadImage
FN:58,deleteImage
FNF:2
FNH:0
FNDA:0,uploadImage
FNDA:0,deleteImage
DA:4,0
DA:5,0
DA:7,0
DA:8,0
DA:11,0
DA:23,0
DA:24,0
DA:27,0
DA:28,0
DA:30,0
DA:38,0
DA:39,0
DA:40,0
DA:44,0
DA:48,0
DA:59,0
DA:60,0
DA:63,0
DA:65,0
DA:69,0
DA:70,0
DA:71,0
LF:22
LH:0
BRDA:7,0,0,0
BRDA:7,0,1,0
BRDA:7,1,0,0
BRDA:7,1,1,0
BRDA:11,2,0,0
BRDA:11,2,1,0
BRDA:11,3,0,0
BRDA:11,3,1,0
BRDA:23,4,0,0
BRDA:23,4,1,0
BRDA:38,5,0,0
BRDA:38,5,1,0
BRDA:59,6,0,0
BRDA:59,6,1,0
BRDA:69,7,0,0
BRDA:69,7,1,0
BRF:16
BRH:0
end_of_record
TN:
SF:utils\validateEnv.js
FN:11,(anonymous_0)
FN:23,(anonymous_1)
FN:35,(anonymous_2)
FN:50,(anonymous_3)
FN:65,(anonymous_4)
FN:87,(anonymous_5)
FN:102,validateEnv
FN:166,(anonymous_7)
FN:180,(anonymous_8)
FNF:9
FNH:0
FNDA:0,(anonymous_0)
FNDA:0,(anonymous_1)
FNDA:0,(anonymous_2)
FNDA:0,(anonymous_3)
FNDA:0,(anonymous_4)
FNDA:0,(anonymous_5)
FNDA:0,validateEnv
FNDA:0,(anonymous_7)
FNDA:0,(anonymous_8)
DA:8,0
DA:12,0
DA:13,0
DA:14,0
DA:16,0
DA:24,0
DA:25,0
DA:26,0
DA:28,0
DA:36,0
DA:37,0
DA:38,0
DA:40,0
DA:41,0
DA:43,0
DA:51,0
DA:52,0
DA:53,0
DA:54,0
DA:56,0
DA:63,0
DA:66,0
DA:67,0
DA:69,0
DA:88,0
DA:89,0
DA:91,0
DA:103,0
DA:104,0
DA:105,0
DA:108,0
DA:109,0
DA:111,0
DA:112,0
DA:118,0
DA:121,0
DA:122,0
DA:123,0
DA:124,0
DA:135,0
DA:136,0
DA:138,0
DA:139,0
DA:140,0
DA:141,0
DA:151,0
DA:153,0
DA:154,0
DA:163,0
DA:164,0
DA:165,0
DA:166,0
DA:167,0
DA:168,0
DA:169,0
DA:171,0
DA:175,0
DA:176,0
DA:177,0
DA:178,0
DA:180,0
DA:181,0
DA:182,0
DA:183,0
DA:184,0
DA:185,0
DA:187,0
DA:190,0
DA:191,0
DA:192,0
DA:193,0
DA:194,0
DA:195,0
DA:196,0
DA:199,0
DA:203,0
DA:204,0
DA:205,0
DA:208,0
DA:209,0
DA:210,0
DA:211,0
DA:213,0
DA:214,0
DA:217,0
LF:85
LH:0
BRDA:12,0,0,0
BRDA:12,0,1,0
BRDA:13,1,0,0
BRDA:13,1,1,0
BRDA:13,2,0,0
BRDA:13,2,1,0
BRDA:24,3,0,0
BRDA:24,3,1,0
BRDA:25,4,0,0
BRDA:25,4,1,0
BRDA:36,5,0,0
BRDA:36,5,1,0
BRDA:37,6,0,0
BRDA:37,6,1,0
BRDA:40,7,0,0
BRDA:40,7,1,0
BRDA:51,8,0,0
BRDA:51,8,1,0
BRDA:53,9,0,0
BRDA:53,9,1,0
BRDA:66,10,0,0
BRDA:66,10,1,0
BRDA:66,11,0,0
BRDA:66,11,1,0
BRDA:88,12,0,0
BRDA:88,12,1,0
BRDA:88,13,0,0
BRDA:88,13,1,0
BRDA:111,14,0,0
BRDA:111,14,1,0
BRDA:111,15,0,0
BRDA:111,15,1,0
BRDA:121,16,0,0
BRDA:121,16,1,0
BRDA:121,17,0,0
BRDA:121,17,1,0
BRDA:123,18,0,0
BRDA:123,18,1,0
BRDA:138,19,0,0
BRDA:138,19,1,0
BRDA:138,20,0,0
BRDA:138,20,1,0
BRDA:140,21,0,0
BRDA:140,21,1,0
BRDA:151,22,0,0
BRDA:151,22,1,0
BRDA:153,23,0,0
BRDA:153,23,1,0
BRDA:163,24,0,0
BRDA:163,24,1,0
BRDA:175,25,0,0
BRDA:175,25,1,0
BRDA:184,26,0,0
BRDA:184,26,1,0
BRDA:205,27,0,0
BRDA:205,27,1,0
BRDA:208,28,0,0
BRDA:208,28,1,0
BRDA:210,29,0,0
BRDA:210,29,1,0
BRDA:211,30,0,0
BRDA:211,30,1,0
BRDA:213,31,0,0
BRDA:213,31,1,0
BRF:64
BRH:0
end_of_record
